[2018-09-30 07:11:33] local.ERROR: ErrorException: file_put_contents(/home/ubuntu/workspace/Assignment3/storage/framework/sessions/WerR7yHG0g2yY42PmcRpQKcKCGqeFp0Yf7bXxCgL): failed to open stream: No such file or directory in /home/ubuntu/workspace/Assignment3/vendor/laravel/framework/src/Illuminate/Filesystem/Filesystem.php:122
Stack trace:
#0 [internal function]: Illuminate\Foundation\Bootstrap\HandleExceptions->handleError(2, 'file_put_conten...', '/home/ubuntu/wo...', 122, Array)
#1 /home/ubuntu/workspace/Assignment3/vendor/laravel/framework/src/Illuminate/Filesystem/Filesystem.php(122): file_put_contents('/home/ubuntu/wo...', 'a:2:{s:6:"_toke...', 2)
#2 /home/ubuntu/workspace/Assignment3/vendor/laravel/framework/src/Illuminate/Session/FileSessionHandler.php(83): Illuminate\Filesystem\Filesystem->put('/home/ubuntu/wo...', 'a:2:{s:6:"_toke...', true)
#3 /home/ubuntu/workspace/Assignment3/vendor/laravel/framework/src/Illuminate/Session/Store.php(128): Illuminate\Session\FileSessionHandler->write('WerR7yHG0g2yY42...', 'a:2:{s:6:"_toke...')
#4 /home/ubuntu/workspace/Assignment3/vendor/laravel/framework/src/Illuminate/Session/Middleware/StartSession.php(88): Illuminate\Session\Store->save()
#5 /home/ubuntu/workspace/Assignment3/vendor/laravel/framework/src/Illuminate/Foundation/Http/Kernel.php(218): Illuminate\Session\Middleware\StartSession->terminate(Object(Illuminate\Http\Request), Object(Illuminate\Http\Response))
#6 /home/ubuntu/workspace/Assignment3/vendor/laravel/framework/src/Illuminate/Foundation/Http/Kernel.php(189): Illuminate\Foundation\Http\Kernel->terminateMiddleware(Object(Illuminate\Http\Request), Object(Illuminate\Http\Response))
#7 /home/ubuntu/workspace/Assignment3/public/index.php(58): Illuminate\Foundation\Http\Kernel->terminate(Object(Illuminate\Http\Request), Object(Illuminate\Http\Response))
#8 /home/ubuntu/workspace/Assignment3/server.php(21): require_once('/home/ubuntu/wo...')
#9 {main}  
[2018-09-30 07:12:26] local.ERROR: ErrorException: file_put_contents(/home/ubuntu/workspace/Assignment3/storage/framework/sessions/WerR7yHG0g2yY42PmcRpQKcKCGqeFp0Yf7bXxCgL): failed to open stream: No such file or directory in /home/ubuntu/workspace/Assignment3/vendor/laravel/framework/src/Illuminate/Filesystem/Filesystem.php:122
Stack trace:
#0 [internal function]: Illuminate\Foundation\Bootstrap\HandleExceptions->handleError(2, 'file_put_conten...', '/home/ubuntu/wo...', 122, Array)
#1 /home/ubuntu/workspace/Assignment3/vendor/laravel/framework/src/Illuminate/Filesystem/Filesystem.php(122): file_put_contents('/home/ubuntu/wo...', 'a:4:{s:6:"_toke...', 2)
#2 /home/ubuntu/workspace/Assignment3/vendor/laravel/framework/src/Illuminate/Session/FileSessionHandler.php(83): Illuminate\Filesystem\Filesystem->put('/home/ubuntu/wo...', 'a:4:{s:6:"_toke...', true)
#3 /home/ubuntu/workspace/Assignment3/vendor/laravel/framework/src/Illuminate/Session/Store.php(128): Illuminate\Session\FileSessionHandler->write('WerR7yHG0g2yY42...', 'a:4:{s:6:"_toke...')
#4 /home/ubuntu/workspace/Assignment3/vendor/laravel/framework/src/Illuminate/Session/Middleware/StartSession.php(88): Illuminate\Session\Store->save()
#5 /home/ubuntu/workspace/Assignment3/vendor/laravel/framework/src/Illuminate/Foundation/Http/Kernel.php(218): Illuminate\Session\Middleware\StartSession->terminate(Object(Illuminate\Http\Request), Object(Illuminate\Http\RedirectResponse))
#6 /home/ubuntu/workspace/Assignment3/vendor/laravel/framework/src/Illuminate/Foundation/Http/Kernel.php(189): Illuminate\Foundation\Http\Kernel->terminateMiddleware(Object(Illuminate\Http\Request), Object(Illuminate\Http\RedirectResponse))
#7 /home/ubuntu/workspace/Assignment3/public/index.php(58): Illuminate\Foundation\Http\Kernel->terminate(Object(Illuminate\Http\Request), Object(Illuminate\Http\RedirectResponse))
#8 /home/ubuntu/workspace/Assignment3/server.php(21): require_once('/home/ubuntu/wo...')
#9 {main}  
[2018-09-30 07:12:27] local.ERROR: ErrorException: file_put_contents(/home/ubuntu/workspace/Assignment3/storage/framework/views/18db58304d4493578c98b06c4451c65ce58fc923.php): failed to open stream: No such file or directory in /home/ubuntu/workspace/Assignment3/vendor/laravel/framework/src/Illuminate/Filesystem/Filesystem.php:122
Stack trace:
#0 [internal function]: Illuminate\Foundation\Bootstrap\HandleExceptions->handleError(2, 'file_put_conten...', '/home/ubuntu/wo...', 122, Array)
#1 /home/ubuntu/workspace/Assignment3/vendor/laravel/framework/src/Illuminate/Filesystem/Filesystem.php(122): file_put_contents('/home/ubuntu/wo...', '<?php $__env->s...', 0)
#2 /home/ubuntu/workspace/Assignment3/vendor/laravel/framework/src/Illuminate/View/Compilers/BladeCompiler.php(122): Illuminate\Filesystem\Filesystem->put('/home/ubuntu/wo...', '<?php $__env->s...')
#3 /home/ubuntu/workspace/Assignment3/vendor/laravel/framework/src/Illuminate/View/Engines/CompilerEngine.php(51): Illuminate\View\Compilers\BladeCompiler->compile('/home/ubuntu/wo...')
#4 /home/ubuntu/workspace/Assignment3/vendor/laravel/framework/src/Illuminate/View/View.php(137): Illuminate\View\Engines\CompilerEngine->get('/home/ubuntu/wo...', Array)
#5 /home/ubuntu/workspace/Assignment3/vendor/laravel/framework/src/Illuminate/View/View.php(120): Illuminate\View\View->getContents()
#6 /home/ubuntu/workspace/Assignment3/vendor/laravel/framework/src/Illuminate/View/View.php(85): Illuminate\View\View->renderContents()
#7 /home/ubuntu/workspace/Assignment3/vendor/laravel/framework/src/Illuminate/Http/Response.php(38): Illuminate\View\View->render()
#8 /home/ubuntu/workspace/Assignment3/vendor/symfony/http-foundation/Response.php(206): Illuminate\Http\Response->setContent(Object(Illuminate\View\View))
#9 /home/ubuntu/workspace/Assignment3/vendor/laravel/framework/src/Illuminate/Routing/Router.php(615): Symfony\Component\HttpFoundation\Response->__construct(Object(Illuminate\View\View))
#10 /home/ubuntu/workspace/Assignment3/vendor/laravel/framework/src/Illuminate/Routing/Router.php(572): Illuminate\Routing\Router->prepareResponse(Object(Illuminate\Http\Request), Object(Illuminate\View\View))
#11 /home/ubuntu/workspace/Assignment3/vendor/laravel/framework/src/Illuminate/Routing/Pipeline.php(30): Illuminate\Routing\Router->Illuminate\Routing\{closure}(Object(Illuminate\Http\Request))
#12 /home/ubuntu/workspace/Assignment3/app/Http/Middleware/RedirectIfAuthenticated.php(24): Illuminate\Routing\Pipeline->Illuminate\Routing\{closure}(Object(Illuminate\Http\Request))
#13 /home/ubuntu/workspace/Assignment3/vendor/laravel/framework/src/Illuminate/Pipeline/Pipeline.php(148): App\Http\Middleware\RedirectIfAuthenticated->handle(Object(Illuminate\Http\Request), Object(Closure))
#14 /home/ubuntu/workspace/Assignment3/vendor/laravel/framework/src/Illuminate/Routing/Pipeline.php(53): Illuminate\Pipeline\Pipeline->Illuminate\Pipeline\{closure}(Object(Illuminate\Http\Request))
#15 /home/ubuntu/workspace/Assignment3/vendor/laravel/framework/src/Illuminate/Routing/Middleware/SubstituteBindings.php(41): Illuminate\Routing\Pipeline->Illuminate\Routing\{closure}(Object(Illuminate\Http\Request))
#16 /home/ubuntu/workspace/Assignment3/vendor/laravel/framework/src/Illuminate/Pipeline/Pipeline.php(148): Illuminate\Routing\Middleware\SubstituteBindings->handle(Object(Illuminate\Http\Request), Object(Closure))
#17 /home/ubuntu/workspace/Assignment3/vendor/laravel/framework/src/Illuminate/Routing/Pipeline.php(53): Illuminate\Pipeline\Pipeline->Illuminate\Pipeline\{closure}(Object(Illuminate\Http\Request))
#18 /home/ubuntu/workspace/Assignment3/vendor/laravel/framework/src/Illuminate/Foundation/Http/Middleware/VerifyCsrfToken.php(65): Illuminate\Routing\Pipeline->Illuminate\Routing\{closure}(Object(Illuminate\Http\Request))
#19 /home/ubuntu/workspace/Assignment3/vendor/laravel/framework/src/Illuminate/Pipeline/Pipeline.php(148): Illuminate\Foundation\Http\Middleware\VerifyCsrfToken->handle(Object(Illuminate\Http\Request), Object(Closure))
#20 /home/ubuntu/workspace/Assignment3/vendor/laravel/framework/src/Illuminate/Routing/Pipeline.php(53): Illuminate\Pipeline\Pipeline->Illuminate\Pipeline\{closure}(Object(Illuminate\Http\Request))
#21 /home/ubuntu/workspace/Assignment3/vendor/laravel/framework/src/Illuminate/View/Middleware/ShareErrorsFromSession.php(49): Illuminate\Routing\Pipeline->Illuminate\Routing\{closure}(Object(Illuminate\Http\Request))
#22 /home/ubuntu/workspace/Assignment3/vendor/laravel/framework/src/Illuminate/Pipeline/Pipeline.php(148): Illuminate\View\Middleware\ShareErrorsFromSession->handle(Object(Illuminate\Http\Request), Object(Closure))
#23 /home/ubuntu/workspace/Assignment3/vendor/laravel/framework/src/Illuminate/Routing/Pipeline.php(53): Illuminate\Pipeline\Pipeline->Illuminate\Pipeline\{closure}(Object(Illuminate\Http\Request))
#24 /home/ubuntu/workspace/Assignment3/vendor/laravel/framework/src/Illuminate/Session/Middleware/StartSession.php(64): Illuminate\Routing\Pipeline->Illuminate\Routing\{closure}(Object(Illuminate\Http\Request))
#25 /home/ubuntu/workspace/Assignment3/vendor/laravel/framework/src/Illuminate/Pipeline/Pipeline.php(148): Illuminate\Session\Middleware\StartSession->handle(Object(Illuminate\Http\Request), Object(Closure))
#26 /home/ubuntu/workspace/Assignment3/vendor/laravel/framework/src/Illuminate/Routing/Pipeline.php(53): Illuminate\Pipeline\Pipeline->Illuminate\Pipeline\{closure}(Object(Illuminate\Http\Request))
#27 /home/ubuntu/workspace/Assignment3/vendor/laravel/framework/src/Illuminate/Cookie/Middleware/AddQueuedCookiesToResponse.php(37): Illuminate\Routing\Pipeline->Illuminate\Routing\{closure}(Object(Illuminate\Http\Request))
#28 /home/ubuntu/workspace/Assignment3/vendor/laravel/framework/src/Illuminate/Pipeline/Pipeline.php(148): Illuminate\Cookie\Middleware\AddQueuedCookiesToResponse->handle(Object(Illuminate\Http\Request), Object(Closure))
#29 /home/ubuntu/workspace/Assignment3/vendor/laravel/framework/src/Illuminate/Routing/Pipeline.php(53): Illuminate\Pipeline\Pipeline->Illuminate\Pipeline\{closure}(Object(Illuminate\Http\Request))
#30 /home/ubuntu/workspace/Assignment3/vendor/laravel/framework/src/Illuminate/Cookie/Middleware/EncryptCookies.php(59): Illuminate\Routing\Pipeline->Illuminate\Routing\{closure}(Object(Illuminate\Http\Request))
#31 /home/ubuntu/workspace/Assignment3/vendor/laravel/framework/src/Illuminate/Pipeline/Pipeline.php(148): Illuminate\Cookie\Middleware\EncryptCookies->handle(Object(Illuminate\Http\Request), Object(Closure))
#32 /home/ubuntu/workspace/Assignment3/vendor/laravel/framework/src/Illuminate/Routing/Pipeline.php(53): Illuminate\Pipeline\Pipeline->Illuminate\Pipeline\{closure}(Object(Illuminate\Http\Request))
#33 /home/ubuntu/workspace/Assignment3/vendor/laravel/framework/src/Illuminate/Pipeline/Pipeline.php(102): Illuminate\Routing\Pipeline->Illuminate\Routing\{closure}(Object(Illuminate\Http\Request))
#34 /home/ubuntu/workspace/Assignment3/vendor/laravel/framework/src/Illuminate/Routing/Router.php(574): Illuminate\Pipeline\Pipeline->then(Object(Closure))
#35 /home/ubuntu/workspace/Assignment3/vendor/laravel/framework/src/Illuminate/Routing/Router.php(533): Illuminate\Routing\Router->runRouteWithinStack(Object(Illuminate\Routing\Route), Object(Illuminate\Http\Request))
#36 /home/ubuntu/workspace/Assignment3/vendor/laravel/framework/src/Illuminate/Routing/Router.php(511): Illuminate\Routing\Router->dispatchToRoute(Object(Illuminate\Http\Request))
#37 /home/ubuntu/workspace/Assignment3/vendor/laravel/framework/src/Illuminate/Foundation/Http/Kernel.php(176): Illuminate\Routing\Router->dispatch(Object(Illuminate\Http\Request))
#38 /home/ubuntu/workspace/Assignment3/vendor/laravel/framework/src/Illuminate/Routing/Pipeline.php(30): Illuminate\Foundation\Http\Kernel->Illuminate\Foundation\Http\{closure}(Object(Illuminate\Http\Request))
#39 /home/ubuntu/workspace/Assignment3/vendor/laravel/framework/src/Illuminate/Foundation/Http/Middleware/TransformsRequest.php(30): Illuminate\Routing\Pipeline->Illuminate\Routing\{closure}(Object(Illuminate\Http\Request))
#40 /home/ubuntu/workspace/Assignment3/vendor/laravel/framework/src/Illuminate/Pipeline/Pipeline.php(148): Illuminate\Foundation\Http\Middleware\TransformsRequest->handle(Object(Illuminate\Http\Request), Object(Closure))
#41 /home/ubuntu/workspace/Assignment3/vendor/laravel/framework/src/Illuminate/Routing/Pipeline.php(53): Illuminate\Pipeline\Pipeline->Illuminate\Pipeline\{closure}(Object(Illuminate\Http\Request))
#42 /home/ubuntu/workspace/Assignment3/vendor/laravel/framework/src/Illuminate/Foundation/Http/Middleware/TransformsRequest.php(30): Illuminate\Routing\Pipeline->Illuminate\Routing\{closure}(Object(Illuminate\Http\Request))
#43 /home/ubuntu/workspace/Assignment3/vendor/laravel/framework/src/Illuminate/Pipeline/Pipeline.php(148): Illuminate\Foundation\Http\Middleware\TransformsRequest->handle(Object(Illuminate\Http\Request), Object(Closure))
#44 /home/ubuntu/workspace/Assignment3/vendor/laravel/framework/src/Illuminate/Routing/Pipeline.php(53): Illuminate\Pipeline\Pipeline->Illuminate\Pipeline\{closure}(Object(Illuminate\Http\Request))
#45 /home/ubuntu/workspace/Assignment3/vendor/laravel/framework/src/Illuminate/Foundation/Http/Middleware/ValidatePostSize.php(27): Illuminate\Routing\Pipeline->Illuminate\Routing\{closure}(Object(Illuminate\Http\Request))
#46 /home/ubuntu/workspace/Assignment3/vendor/laravel/framework/src/Illuminate/Pipeline/Pipeline.php(148): Illuminate\Foundation\Http\Middleware\ValidatePostSize->handle(Object(Illuminate\Http\Request), Object(Closure))
#47 /home/ubuntu/workspace/Assignment3/vendor/laravel/framework/src/Illuminate/Routing/Pipeline.php(53): Illuminate\Pipeline\Pipeline->Illuminate\Pipeline\{closure}(Object(Illuminate\Http\Request))
#48 /home/ubuntu/workspace/Assignment3/vendor/laravel/framework/src/Illuminate/Foundation/Http/Middleware/CheckForMaintenanceMode.php(46): Illuminate\Routing\Pipeline->Illuminate\Routing\{closure}(Object(Illuminate\Http\Request))
#49 /home/ubuntu/workspace/Assignment3/vendor/laravel/framework/src/Illuminate/Pipeline/Pipeline.php(148): Illuminate\Foundation\Http\Middleware\CheckForMaintenanceMode->handle(Object(Illuminate\Http\Request), Object(Closure))
#50 /home/ubuntu/workspace/Assignment3/vendor/laravel/framework/src/Illuminate/Routing/Pipeline.php(53): Illuminate\Pipeline\Pipeline->Illuminate\Pipeline\{closure}(Object(Illuminate\Http\Request))
#51 /home/ubuntu/workspace/Assignment3/vendor/laravel/framework/src/Illuminate/Pipeline/Pipeline.php(102): Illuminate\Routing\Pipeline->Illuminate\Routing\{closure}(Object(Illuminate\Http\Request))
#52 /home/ubuntu/workspace/Assignment3/vendor/laravel/framework/src/Illuminate/Foundation/Http/Kernel.php(151): Illuminate\Pipeline\Pipeline->then(Object(Closure))
#53 /home/ubuntu/workspace/Assignment3/vendor/laravel/framework/src/Illuminate/Foundation/Http/Kernel.php(116): Illuminate\Foundation\Http\Kernel->sendRequestThroughRouter(Object(Illuminate\Http\Request))
#54 /home/ubuntu/workspace/Assignment3/public/index.php(53): Illuminate\Foundation\Http\Kernel->handle(Object(Illuminate\Http\Request))
#55 /home/ubuntu/workspace/Assignment3/server.php(21): require_once('/home/ubuntu/wo...')
#56 {main}  
[2018-09-30 07:12:27] local.ERROR: ErrorException: file_put_contents(/home/ubuntu/workspace/Assignment3/storage/framework/sessions/WerR7yHG0g2yY42PmcRpQKcKCGqeFp0Yf7bXxCgL): failed to open stream: No such file or directory in /home/ubuntu/workspace/Assignment3/vendor/laravel/framework/src/Illuminate/Filesystem/Filesystem.php:122
Stack trace:
#0 [internal function]: Illuminate\Foundation\Bootstrap\HandleExceptions->handleError(2, 'file_put_conten...', '/home/ubuntu/wo...', 122, Array)
#1 /home/ubuntu/workspace/Assignment3/vendor/laravel/framework/src/Illuminate/Filesystem/Filesystem.php(122): file_put_contents('/home/ubuntu/wo...', 'a:3:{s:6:"_toke...', 2)
#2 /home/ubuntu/workspace/Assignment3/vendor/laravel/framework/src/Illuminate/Session/FileSessionHandler.php(83): Illuminate\Filesystem\Filesystem->put('/home/ubuntu/wo...', 'a:3:{s:6:"_toke...', true)
#3 /home/ubuntu/workspace/Assignment3/vendor/laravel/framework/src/Illuminate/Session/Store.php(128): Illuminate\Session\FileSessionHandler->write('WerR7yHG0g2yY42...', 'a:3:{s:6:"_toke...')
#4 /home/ubuntu/workspace/Assignment3/vendor/laravel/framework/src/Illuminate/Session/Middleware/StartSession.php(88): Illuminate\Session\Store->save()
#5 /home/ubuntu/workspace/Assignment3/vendor/laravel/framework/src/Illuminate/Foundation/Http/Kernel.php(218): Illuminate\Session\Middleware\StartSession->terminate(Object(Illuminate\Http\Request), Object(Illuminate\Http\Response))
#6 /home/ubuntu/workspace/Assignment3/vendor/laravel/framework/src/Illuminate/Foundation/Http/Kernel.php(189): Illuminate\Foundation\Http\Kernel->terminateMiddleware(Object(Illuminate\Http\Request), Object(Illuminate\Http\Response))
#7 /home/ubuntu/workspace/Assignment3/public/index.php(58): Illuminate\Foundation\Http\Kernel->terminate(Object(Illuminate\Http\Request), Object(Illuminate\Http\Response))
#8 /home/ubuntu/workspace/Assignment3/server.php(21): require_once('/home/ubuntu/wo...')
#9 {main}  
[2018-09-30 07:12:42] local.ERROR: ErrorException: file_put_contents(/home/ubuntu/workspace/Assignment3/storage/framework/sessions/WerR7yHG0g2yY42PmcRpQKcKCGqeFp0Yf7bXxCgL): failed to open stream: No such file or directory in /home/ubuntu/workspace/Assignment3/vendor/laravel/framework/src/Illuminate/Filesystem/Filesystem.php:122
Stack trace:
#0 [internal function]: Illuminate\Foundation\Bootstrap\HandleExceptions->handleError(2, 'file_put_conten...', '/home/ubuntu/wo...', 122, Array)
#1 /home/ubuntu/workspace/Assignment3/vendor/laravel/framework/src/Illuminate/Filesystem/Filesystem.php(122): file_put_contents('/home/ubuntu/wo...', 'a:4:{s:6:"_toke...', 2)
#2 /home/ubuntu/workspace/Assignment3/vendor/laravel/framework/src/Illuminate/Session/FileSessionHandler.php(83): Illuminate\Filesystem\Filesystem->put('/home/ubuntu/wo...', 'a:4:{s:6:"_toke...', true)
#3 /home/ubuntu/workspace/Assignment3/vendor/laravel/framework/src/Illuminate/Session/Store.php(128): Illuminate\Session\FileSessionHandler->write('WerR7yHG0g2yY42...', 'a:4:{s:6:"_toke...')
#4 /home/ubuntu/workspace/Assignment3/vendor/laravel/framework/src/Illuminate/Session/Middleware/StartSession.php(88): Illuminate\Session\Store->save()
#5 /home/ubuntu/workspace/Assignment3/vendor/laravel/framework/src/Illuminate/Foundation/Http/Kernel.php(218): Illuminate\Session\Middleware\StartSession->terminate(Object(Illuminate\Http\Request), Object(Illuminate\Http\RedirectResponse))
#6 /home/ubuntu/workspace/Assignment3/vendor/laravel/framework/src/Illuminate/Foundation/Http/Kernel.php(189): Illuminate\Foundation\Http\Kernel->terminateMiddleware(Object(Illuminate\Http\Request), Object(Illuminate\Http\RedirectResponse))
#7 /home/ubuntu/workspace/Assignment3/public/index.php(58): Illuminate\Foundation\Http\Kernel->terminate(Object(Illuminate\Http\Request), Object(Illuminate\Http\RedirectResponse))
#8 /home/ubuntu/workspace/Assignment3/server.php(21): require_once('/home/ubuntu/wo...')
#9 {main}  
[2018-09-30 07:12:43] local.ERROR: ErrorException: file_put_contents(/home/ubuntu/workspace/Assignment3/storage/framework/views/18db58304d4493578c98b06c4451c65ce58fc923.php): failed to open stream: No such file or directory in /home/ubuntu/workspace/Assignment3/vendor/laravel/framework/src/Illuminate/Filesystem/Filesystem.php:122
Stack trace:
#0 [internal function]: Illuminate\Foundation\Bootstrap\HandleExceptions->handleError(2, 'file_put_conten...', '/home/ubuntu/wo...', 122, Array)
#1 /home/ubuntu/workspace/Assignment3/vendor/laravel/framework/src/Illuminate/Filesystem/Filesystem.php(122): file_put_contents('/home/ubuntu/wo...', '<?php $__env->s...', 0)
#2 /home/ubuntu/workspace/Assignment3/vendor/laravel/framework/src/Illuminate/View/Compilers/BladeCompiler.php(122): Illuminate\Filesystem\Filesystem->put('/home/ubuntu/wo...', '<?php $__env->s...')
#3 /home/ubuntu/workspace/Assignment3/vendor/laravel/framework/src/Illuminate/View/Engines/CompilerEngine.php(51): Illuminate\View\Compilers\BladeCompiler->compile('/home/ubuntu/wo...')
#4 /home/ubuntu/workspace/Assignment3/vendor/laravel/framework/src/Illuminate/View/View.php(137): Illuminate\View\Engines\CompilerEngine->get('/home/ubuntu/wo...', Array)
#5 /home/ubuntu/workspace/Assignment3/vendor/laravel/framework/src/Illuminate/View/View.php(120): Illuminate\View\View->getContents()
#6 /home/ubuntu/workspace/Assignment3/vendor/laravel/framework/src/Illuminate/View/View.php(85): Illuminate\View\View->renderContents()
#7 /home/ubuntu/workspace/Assignment3/vendor/laravel/framework/src/Illuminate/Http/Response.php(38): Illuminate\View\View->render()
#8 /home/ubuntu/workspace/Assignment3/vendor/symfony/http-foundation/Response.php(206): Illuminate\Http\Response->setContent(Object(Illuminate\View\View))
#9 /home/ubuntu/workspace/Assignment3/vendor/laravel/framework/src/Illuminate/Routing/Router.php(615): Symfony\Component\HttpFoundation\Response->__construct(Object(Illuminate\View\View))
#10 /home/ubuntu/workspace/Assignment3/vendor/laravel/framework/src/Illuminate/Routing/Router.php(572): Illuminate\Routing\Router->prepareResponse(Object(Illuminate\Http\Request), Object(Illuminate\View\View))
#11 /home/ubuntu/workspace/Assignment3/vendor/laravel/framework/src/Illuminate/Routing/Pipeline.php(30): Illuminate\Routing\Router->Illuminate\Routing\{closure}(Object(Illuminate\Http\Request))
#12 /home/ubuntu/workspace/Assignment3/app/Http/Middleware/RedirectIfAuthenticated.php(24): Illuminate\Routing\Pipeline->Illuminate\Routing\{closure}(Object(Illuminate\Http\Request))
#13 /home/ubuntu/workspace/Assignment3/vendor/laravel/framework/src/Illuminate/Pipeline/Pipeline.php(148): App\Http\Middleware\RedirectIfAuthenticated->handle(Object(Illuminate\Http\Request), Object(Closure))
#14 /home/ubuntu/workspace/Assignment3/vendor/laravel/framework/src/Illuminate/Routing/Pipeline.php(53): Illuminate\Pipeline\Pipeline->Illuminate\Pipeline\{closure}(Object(Illuminate\Http\Request))
#15 /home/ubuntu/workspace/Assignment3/vendor/laravel/framework/src/Illuminate/Routing/Middleware/SubstituteBindings.php(41): Illuminate\Routing\Pipeline->Illuminate\Routing\{closure}(Object(Illuminate\Http\Request))
#16 /home/ubuntu/workspace/Assignment3/vendor/laravel/framework/src/Illuminate/Pipeline/Pipeline.php(148): Illuminate\Routing\Middleware\SubstituteBindings->handle(Object(Illuminate\Http\Request), Object(Closure))
#17 /home/ubuntu/workspace/Assignment3/vendor/laravel/framework/src/Illuminate/Routing/Pipeline.php(53): Illuminate\Pipeline\Pipeline->Illuminate\Pipeline\{closure}(Object(Illuminate\Http\Request))
#18 /home/ubuntu/workspace/Assignment3/vendor/laravel/framework/src/Illuminate/Foundation/Http/Middleware/VerifyCsrfToken.php(65): Illuminate\Routing\Pipeline->Illuminate\Routing\{closure}(Object(Illuminate\Http\Request))
#19 /home/ubuntu/workspace/Assignment3/vendor/laravel/framework/src/Illuminate/Pipeline/Pipeline.php(148): Illuminate\Foundation\Http\Middleware\VerifyCsrfToken->handle(Object(Illuminate\Http\Request), Object(Closure))
#20 /home/ubuntu/workspace/Assignment3/vendor/laravel/framework/src/Illuminate/Routing/Pipeline.php(53): Illuminate\Pipeline\Pipeline->Illuminate\Pipeline\{closure}(Object(Illuminate\Http\Request))
#21 /home/ubuntu/workspace/Assignment3/vendor/laravel/framework/src/Illuminate/View/Middleware/ShareErrorsFromSession.php(49): Illuminate\Routing\Pipeline->Illuminate\Routing\{closure}(Object(Illuminate\Http\Request))
#22 /home/ubuntu/workspace/Assignment3/vendor/laravel/framework/src/Illuminate/Pipeline/Pipeline.php(148): Illuminate\View\Middleware\ShareErrorsFromSession->handle(Object(Illuminate\Http\Request), Object(Closure))
#23 /home/ubuntu/workspace/Assignment3/vendor/laravel/framework/src/Illuminate/Routing/Pipeline.php(53): Illuminate\Pipeline\Pipeline->Illuminate\Pipeline\{closure}(Object(Illuminate\Http\Request))
#24 /home/ubuntu/workspace/Assignment3/vendor/laravel/framework/src/Illuminate/Session/Middleware/StartSession.php(64): Illuminate\Routing\Pipeline->Illuminate\Routing\{closure}(Object(Illuminate\Http\Request))
#25 /home/ubuntu/workspace/Assignment3/vendor/laravel/framework/src/Illuminate/Pipeline/Pipeline.php(148): Illuminate\Session\Middleware\StartSession->handle(Object(Illuminate\Http\Request), Object(Closure))
#26 /home/ubuntu/workspace/Assignment3/vendor/laravel/framework/src/Illuminate/Routing/Pipeline.php(53): Illuminate\Pipeline\Pipeline->Illuminate\Pipeline\{closure}(Object(Illuminate\Http\Request))
#27 /home/ubuntu/workspace/Assignment3/vendor/laravel/framework/src/Illuminate/Cookie/Middleware/AddQueuedCookiesToResponse.php(37): Illuminate\Routing\Pipeline->Illuminate\Routing\{closure}(Object(Illuminate\Http\Request))
#28 /home/ubuntu/workspace/Assignment3/vendor/laravel/framework/src/Illuminate/Pipeline/Pipeline.php(148): Illuminate\Cookie\Middleware\AddQueuedCookiesToResponse->handle(Object(Illuminate\Http\Request), Object(Closure))
#29 /home/ubuntu/workspace/Assignment3/vendor/laravel/framework/src/Illuminate/Routing/Pipeline.php(53): Illuminate\Pipeline\Pipeline->Illuminate\Pipeline\{closure}(Object(Illuminate\Http\Request))
#30 /home/ubuntu/workspace/Assignment3/vendor/laravel/framework/src/Illuminate/Cookie/Middleware/EncryptCookies.php(59): Illuminate\Routing\Pipeline->Illuminate\Routing\{closure}(Object(Illuminate\Http\Request))
#31 /home/ubuntu/workspace/Assignment3/vendor/laravel/framework/src/Illuminate/Pipeline/Pipeline.php(148): Illuminate\Cookie\Middleware\EncryptCookies->handle(Object(Illuminate\Http\Request), Object(Closure))
#32 /home/ubuntu/workspace/Assignment3/vendor/laravel/framework/src/Illuminate/Routing/Pipeline.php(53): Illuminate\Pipeline\Pipeline->Illuminate\Pipeline\{closure}(Object(Illuminate\Http\Request))
#33 /home/ubuntu/workspace/Assignment3/vendor/laravel/framework/src/Illuminate/Pipeline/Pipeline.php(102): Illuminate\Routing\Pipeline->Illuminate\Routing\{closure}(Object(Illuminate\Http\Request))
#34 /home/ubuntu/workspace/Assignment3/vendor/laravel/framework/src/Illuminate/Routing/Router.php(574): Illuminate\Pipeline\Pipeline->then(Object(Closure))
#35 /home/ubuntu/workspace/Assignment3/vendor/laravel/framework/src/Illuminate/Routing/Router.php(533): Illuminate\Routing\Router->runRouteWithinStack(Object(Illuminate\Routing\Route), Object(Illuminate\Http\Request))
#36 /home/ubuntu/workspace/Assignment3/vendor/laravel/framework/src/Illuminate/Routing/Router.php(511): Illuminate\Routing\Router->dispatchToRoute(Object(Illuminate\Http\Request))
#37 /home/ubuntu/workspace/Assignment3/vendor/laravel/framework/src/Illuminate/Foundation/Http/Kernel.php(176): Illuminate\Routing\Router->dispatch(Object(Illuminate\Http\Request))
#38 /home/ubuntu/workspace/Assignment3/vendor/laravel/framework/src/Illuminate/Routing/Pipeline.php(30): Illuminate\Foundation\Http\Kernel->Illuminate\Foundation\Http\{closure}(Object(Illuminate\Http\Request))
#39 /home/ubuntu/workspace/Assignment3/vendor/laravel/framework/src/Illuminate/Foundation/Http/Middleware/TransformsRequest.php(30): Illuminate\Routing\Pipeline->Illuminate\Routing\{closure}(Object(Illuminate\Http\Request))
#40 /home/ubuntu/workspace/Assignment3/vendor/laravel/framework/src/Illuminate/Pipeline/Pipeline.php(148): Illuminate\Foundation\Http\Middleware\TransformsRequest->handle(Object(Illuminate\Http\Request), Object(Closure))
#41 /home/ubuntu/workspace/Assignment3/vendor/laravel/framework/src/Illuminate/Routing/Pipeline.php(53): Illuminate\Pipeline\Pipeline->Illuminate\Pipeline\{closure}(Object(Illuminate\Http\Request))
#42 /home/ubuntu/workspace/Assignment3/vendor/laravel/framework/src/Illuminate/Foundation/Http/Middleware/TransformsRequest.php(30): Illuminate\Routing\Pipeline->Illuminate\Routing\{closure}(Object(Illuminate\Http\Request))
#43 /home/ubuntu/workspace/Assignment3/vendor/laravel/framework/src/Illuminate/Pipeline/Pipeline.php(148): Illuminate\Foundation\Http\Middleware\TransformsRequest->handle(Object(Illuminate\Http\Request), Object(Closure))
#44 /home/ubuntu/workspace/Assignment3/vendor/laravel/framework/src/Illuminate/Routing/Pipeline.php(53): Illuminate\Pipeline\Pipeline->Illuminate\Pipeline\{closure}(Object(Illuminate\Http\Request))
#45 /home/ubuntu/workspace/Assignment3/vendor/laravel/framework/src/Illuminate/Foundation/Http/Middleware/ValidatePostSize.php(27): Illuminate\Routing\Pipeline->Illuminate\Routing\{closure}(Object(Illuminate\Http\Request))
#46 /home/ubuntu/workspace/Assignment3/vendor/laravel/framework/src/Illuminate/Pipeline/Pipeline.php(148): Illuminate\Foundation\Http\Middleware\ValidatePostSize->handle(Object(Illuminate\Http\Request), Object(Closure))
#47 /home/ubuntu/workspace/Assignment3/vendor/laravel/framework/src/Illuminate/Routing/Pipeline.php(53): Illuminate\Pipeline\Pipeline->Illuminate\Pipeline\{closure}(Object(Illuminate\Http\Request))
#48 /home/ubuntu/workspace/Assignment3/vendor/laravel/framework/src/Illuminate/Foundation/Http/Middleware/CheckForMaintenanceMode.php(46): Illuminate\Routing\Pipeline->Illuminate\Routing\{closure}(Object(Illuminate\Http\Request))
#49 /home/ubuntu/workspace/Assignment3/vendor/laravel/framework/src/Illuminate/Pipeline/Pipeline.php(148): Illuminate\Foundation\Http\Middleware\CheckForMaintenanceMode->handle(Object(Illuminate\Http\Request), Object(Closure))
#50 /home/ubuntu/workspace/Assignment3/vendor/laravel/framework/src/Illuminate/Routing/Pipeline.php(53): Illuminate\Pipeline\Pipeline->Illuminate\Pipeline\{closure}(Object(Illuminate\Http\Request))
#51 /home/ubuntu/workspace/Assignment3/vendor/laravel/framework/src/Illuminate/Pipeline/Pipeline.php(102): Illuminate\Routing\Pipeline->Illuminate\Routing\{closure}(Object(Illuminate\Http\Request))
#52 /home/ubuntu/workspace/Assignment3/vendor/laravel/framework/src/Illuminate/Foundation/Http/Kernel.php(151): Illuminate\Pipeline\Pipeline->then(Object(Closure))
#53 /home/ubuntu/workspace/Assignment3/vendor/laravel/framework/src/Illuminate/Foundation/Http/Kernel.php(116): Illuminate\Foundation\Http\Kernel->sendRequestThroughRouter(Object(Illuminate\Http\Request))
#54 /home/ubuntu/workspace/Assignment3/public/index.php(53): Illuminate\Foundation\Http\Kernel->handle(Object(Illuminate\Http\Request))
#55 /home/ubuntu/workspace/Assignment3/server.php(21): require_once('/home/ubuntu/wo...')
#56 {main}  
[2018-09-30 07:12:43] local.ERROR: ErrorException: file_put_contents(/home/ubuntu/workspace/Assignment3/storage/framework/sessions/WerR7yHG0g2yY42PmcRpQKcKCGqeFp0Yf7bXxCgL): failed to open stream: No such file or directory in /home/ubuntu/workspace/Assignment3/vendor/laravel/framework/src/Illuminate/Filesystem/Filesystem.php:122
Stack trace:
#0 [internal function]: Illuminate\Foundation\Bootstrap\HandleExceptions->handleError(2, 'file_put_conten...', '/home/ubuntu/wo...', 122, Array)
#1 /home/ubuntu/workspace/Assignment3/vendor/laravel/framework/src/Illuminate/Filesystem/Filesystem.php(122): file_put_contents('/home/ubuntu/wo...', 'a:3:{s:6:"_toke...', 2)
#2 /home/ubuntu/workspace/Assignment3/vendor/laravel/framework/src/Illuminate/Session/FileSessionHandler.php(83): Illuminate\Filesystem\Filesystem->put('/home/ubuntu/wo...', 'a:3:{s:6:"_toke...', true)
#3 /home/ubuntu/workspace/Assignment3/vendor/laravel/framework/src/Illuminate/Session/Store.php(128): Illuminate\Session\FileSessionHandler->write('WerR7yHG0g2yY42...', 'a:3:{s:6:"_toke...')
#4 /home/ubuntu/workspace/Assignment3/vendor/laravel/framework/src/Illuminate/Session/Middleware/StartSession.php(88): Illuminate\Session\Store->save()
#5 /home/ubuntu/workspace/Assignment3/vendor/laravel/framework/src/Illuminate/Foundation/Http/Kernel.php(218): Illuminate\Session\Middleware\StartSession->terminate(Object(Illuminate\Http\Request), Object(Illuminate\Http\Response))
#6 /home/ubuntu/workspace/Assignment3/vendor/laravel/framework/src/Illuminate/Foundation/Http/Kernel.php(189): Illuminate\Foundation\Http\Kernel->terminateMiddleware(Object(Illuminate\Http\Request), Object(Illuminate\Http\Response))
#7 /home/ubuntu/workspace/Assignment3/public/index.php(58): Illuminate\Foundation\Http\Kernel->terminate(Object(Illuminate\Http\Request), Object(Illuminate\Http\Response))
#8 /home/ubuntu/workspace/Assignment3/server.php(21): require_once('/home/ubuntu/wo...')
#9 {main}  
[2018-09-30 07:13:06] local.ERROR: ErrorException: file_put_contents(/home/ubuntu/workspace/Assignment3/storage/framework/views/18db58304d4493578c98b06c4451c65ce58fc923.php): failed to open stream: No such file or directory in /home/ubuntu/workspace/Assignment3/vendor/laravel/framework/src/Illuminate/Filesystem/Filesystem.php:122
Stack trace:
#0 [internal function]: Illuminate\Foundation\Bootstrap\HandleExceptions->handleError(2, 'file_put_conten...', '/home/ubuntu/wo...', 122, Array)
#1 /home/ubuntu/workspace/Assignment3/vendor/laravel/framework/src/Illuminate/Filesystem/Filesystem.php(122): file_put_contents('/home/ubuntu/wo...', '<?php $__env->s...', 0)
#2 /home/ubuntu/workspace/Assignment3/vendor/laravel/framework/src/Illuminate/View/Compilers/BladeCompiler.php(122): Illuminate\Filesystem\Filesystem->put('/home/ubuntu/wo...', '<?php $__env->s...')
#3 /home/ubuntu/workspace/Assignment3/vendor/laravel/framework/src/Illuminate/View/Engines/CompilerEngine.php(51): Illuminate\View\Compilers\BladeCompiler->compile('/home/ubuntu/wo...')
#4 /home/ubuntu/workspace/Assignment3/vendor/laravel/framework/src/Illuminate/View/View.php(137): Illuminate\View\Engines\CompilerEngine->get('/home/ubuntu/wo...', Array)
#5 /home/ubuntu/workspace/Assignment3/vendor/laravel/framework/src/Illuminate/View/View.php(120): Illuminate\View\View->getContents()
#6 /home/ubuntu/workspace/Assignment3/vendor/laravel/framework/src/Illuminate/View/View.php(85): Illuminate\View\View->renderContents()
#7 /home/ubuntu/workspace/Assignment3/vendor/laravel/framework/src/Illuminate/Http/Response.php(38): Illuminate\View\View->render()
#8 /home/ubuntu/workspace/Assignment3/vendor/symfony/http-foundation/Response.php(206): Illuminate\Http\Response->setContent(Object(Illuminate\View\View))
#9 /home/ubuntu/workspace/Assignment3/vendor/laravel/framework/src/Illuminate/Routing/Router.php(615): Symfony\Component\HttpFoundation\Response->__construct(Object(Illuminate\View\View))
#10 /home/ubuntu/workspace/Assignment3/vendor/laravel/framework/src/Illuminate/Routing/Router.php(572): Illuminate\Routing\Router->prepareResponse(Object(Illuminate\Http\Request), Object(Illuminate\View\View))
#11 /home/ubuntu/workspace/Assignment3/vendor/laravel/framework/src/Illuminate/Routing/Pipeline.php(30): Illuminate\Routing\Router->Illuminate\Routing\{closure}(Object(Illuminate\Http\Request))
#12 /home/ubuntu/workspace/Assignment3/app/Http/Middleware/RedirectIfAuthenticated.php(24): Illuminate\Routing\Pipeline->Illuminate\Routing\{closure}(Object(Illuminate\Http\Request))
#13 /home/ubuntu/workspace/Assignment3/vendor/laravel/framework/src/Illuminate/Pipeline/Pipeline.php(148): App\Http\Middleware\RedirectIfAuthenticated->handle(Object(Illuminate\Http\Request), Object(Closure))
#14 /home/ubuntu/workspace/Assignment3/vendor/laravel/framework/src/Illuminate/Routing/Pipeline.php(53): Illuminate\Pipeline\Pipeline->Illuminate\Pipeline\{closure}(Object(Illuminate\Http\Request))
#15 /home/ubuntu/workspace/Assignment3/vendor/laravel/framework/src/Illuminate/Routing/Middleware/SubstituteBindings.php(41): Illuminate\Routing\Pipeline->Illuminate\Routing\{closure}(Object(Illuminate\Http\Request))
#16 /home/ubuntu/workspace/Assignment3/vendor/laravel/framework/src/Illuminate/Pipeline/Pipeline.php(148): Illuminate\Routing\Middleware\SubstituteBindings->handle(Object(Illuminate\Http\Request), Object(Closure))
#17 /home/ubuntu/workspace/Assignment3/vendor/laravel/framework/src/Illuminate/Routing/Pipeline.php(53): Illuminate\Pipeline\Pipeline->Illuminate\Pipeline\{closure}(Object(Illuminate\Http\Request))
#18 /home/ubuntu/workspace/Assignment3/vendor/laravel/framework/src/Illuminate/Foundation/Http/Middleware/VerifyCsrfToken.php(65): Illuminate\Routing\Pipeline->Illuminate\Routing\{closure}(Object(Illuminate\Http\Request))
#19 /home/ubuntu/workspace/Assignment3/vendor/laravel/framework/src/Illuminate/Pipeline/Pipeline.php(148): Illuminate\Foundation\Http\Middleware\VerifyCsrfToken->handle(Object(Illuminate\Http\Request), Object(Closure))
#20 /home/ubuntu/workspace/Assignment3/vendor/laravel/framework/src/Illuminate/Routing/Pipeline.php(53): Illuminate\Pipeline\Pipeline->Illuminate\Pipeline\{closure}(Object(Illuminate\Http\Request))
#21 /home/ubuntu/workspace/Assignment3/vendor/laravel/framework/src/Illuminate/View/Middleware/ShareErrorsFromSession.php(49): Illuminate\Routing\Pipeline->Illuminate\Routing\{closure}(Object(Illuminate\Http\Request))
#22 /home/ubuntu/workspace/Assignment3/vendor/laravel/framework/src/Illuminate/Pipeline/Pipeline.php(148): Illuminate\View\Middleware\ShareErrorsFromSession->handle(Object(Illuminate\Http\Request), Object(Closure))
#23 /home/ubuntu/workspace/Assignment3/vendor/laravel/framework/src/Illuminate/Routing/Pipeline.php(53): Illuminate\Pipeline\Pipeline->Illuminate\Pipeline\{closure}(Object(Illuminate\Http\Request))
#24 /home/ubuntu/workspace/Assignment3/vendor/laravel/framework/src/Illuminate/Session/Middleware/StartSession.php(64): Illuminate\Routing\Pipeline->Illuminate\Routing\{closure}(Object(Illuminate\Http\Request))
#25 /home/ubuntu/workspace/Assignment3/vendor/laravel/framework/src/Illuminate/Pipeline/Pipeline.php(148): Illuminate\Session\Middleware\StartSession->handle(Object(Illuminate\Http\Request), Object(Closure))
#26 /home/ubuntu/workspace/Assignment3/vendor/laravel/framework/src/Illuminate/Routing/Pipeline.php(53): Illuminate\Pipeline\Pipeline->Illuminate\Pipeline\{closure}(Object(Illuminate\Http\Request))
#27 /home/ubuntu/workspace/Assignment3/vendor/laravel/framework/src/Illuminate/Cookie/Middleware/AddQueuedCookiesToResponse.php(37): Illuminate\Routing\Pipeline->Illuminate\Routing\{closure}(Object(Illuminate\Http\Request))
#28 /home/ubuntu/workspace/Assignment3/vendor/laravel/framework/src/Illuminate/Pipeline/Pipeline.php(148): Illuminate\Cookie\Middleware\AddQueuedCookiesToResponse->handle(Object(Illuminate\Http\Request), Object(Closure))
#29 /home/ubuntu/workspace/Assignment3/vendor/laravel/framework/src/Illuminate/Routing/Pipeline.php(53): Illuminate\Pipeline\Pipeline->Illuminate\Pipeline\{closure}(Object(Illuminate\Http\Request))
#30 /home/ubuntu/workspace/Assignment3/vendor/laravel/framework/src/Illuminate/Cookie/Middleware/EncryptCookies.php(59): Illuminate\Routing\Pipeline->Illuminate\Routing\{closure}(Object(Illuminate\Http\Request))
#31 /home/ubuntu/workspace/Assignment3/vendor/laravel/framework/src/Illuminate/Pipeline/Pipeline.php(148): Illuminate\Cookie\Middleware\EncryptCookies->handle(Object(Illuminate\Http\Request), Object(Closure))
#32 /home/ubuntu/workspace/Assignment3/vendor/laravel/framework/src/Illuminate/Routing/Pipeline.php(53): Illuminate\Pipeline\Pipeline->Illuminate\Pipeline\{closure}(Object(Illuminate\Http\Request))
#33 /home/ubuntu/workspace/Assignment3/vendor/laravel/framework/src/Illuminate/Pipeline/Pipeline.php(102): Illuminate\Routing\Pipeline->Illuminate\Routing\{closure}(Object(Illuminate\Http\Request))
#34 /home/ubuntu/workspace/Assignment3/vendor/laravel/framework/src/Illuminate/Routing/Router.php(574): Illuminate\Pipeline\Pipeline->then(Object(Closure))
#35 /home/ubuntu/workspace/Assignment3/vendor/laravel/framework/src/Illuminate/Routing/Router.php(533): Illuminate\Routing\Router->runRouteWithinStack(Object(Illuminate\Routing\Route), Object(Illuminate\Http\Request))
#36 /home/ubuntu/workspace/Assignment3/vendor/laravel/framework/src/Illuminate/Routing/Router.php(511): Illuminate\Routing\Router->dispatchToRoute(Object(Illuminate\Http\Request))
#37 /home/ubuntu/workspace/Assignment3/vendor/laravel/framework/src/Illuminate/Foundation/Http/Kernel.php(176): Illuminate\Routing\Router->dispatch(Object(Illuminate\Http\Request))
#38 /home/ubuntu/workspace/Assignment3/vendor/laravel/framework/src/Illuminate/Routing/Pipeline.php(30): Illuminate\Foundation\Http\Kernel->Illuminate\Foundation\Http\{closure}(Object(Illuminate\Http\Request))
#39 /home/ubuntu/workspace/Assignment3/vendor/laravel/framework/src/Illuminate/Foundation/Http/Middleware/TransformsRequest.php(30): Illuminate\Routing\Pipeline->Illuminate\Routing\{closure}(Object(Illuminate\Http\Request))
#40 /home/ubuntu/workspace/Assignment3/vendor/laravel/framework/src/Illuminate/Pipeline/Pipeline.php(148): Illuminate\Foundation\Http\Middleware\TransformsRequest->handle(Object(Illuminate\Http\Request), Object(Closure))
#41 /home/ubuntu/workspace/Assignment3/vendor/laravel/framework/src/Illuminate/Routing/Pipeline.php(53): Illuminate\Pipeline\Pipeline->Illuminate\Pipeline\{closure}(Object(Illuminate\Http\Request))
#42 /home/ubuntu/workspace/Assignment3/vendor/laravel/framework/src/Illuminate/Foundation/Http/Middleware/TransformsRequest.php(30): Illuminate\Routing\Pipeline->Illuminate\Routing\{closure}(Object(Illuminate\Http\Request))
#43 /home/ubuntu/workspace/Assignment3/vendor/laravel/framework/src/Illuminate/Pipeline/Pipeline.php(148): Illuminate\Foundation\Http\Middleware\TransformsRequest->handle(Object(Illuminate\Http\Request), Object(Closure))
#44 /home/ubuntu/workspace/Assignment3/vendor/laravel/framework/src/Illuminate/Routing/Pipeline.php(53): Illuminate\Pipeline\Pipeline->Illuminate\Pipeline\{closure}(Object(Illuminate\Http\Request))
#45 /home/ubuntu/workspace/Assignment3/vendor/laravel/framework/src/Illuminate/Foundation/Http/Middleware/ValidatePostSize.php(27): Illuminate\Routing\Pipeline->Illuminate\Routing\{closure}(Object(Illuminate\Http\Request))
#46 /home/ubuntu/workspace/Assignment3/vendor/laravel/framework/src/Illuminate/Pipeline/Pipeline.php(148): Illuminate\Foundation\Http\Middleware\ValidatePostSize->handle(Object(Illuminate\Http\Request), Object(Closure))
#47 /home/ubuntu/workspace/Assignment3/vendor/laravel/framework/src/Illuminate/Routing/Pipeline.php(53): Illuminate\Pipeline\Pipeline->Illuminate\Pipeline\{closure}(Object(Illuminate\Http\Request))
#48 /home/ubuntu/workspace/Assignment3/vendor/laravel/framework/src/Illuminate/Foundation/Http/Middleware/CheckForMaintenanceMode.php(46): Illuminate\Routing\Pipeline->Illuminate\Routing\{closure}(Object(Illuminate\Http\Request))
#49 /home/ubuntu/workspace/Assignment3/vendor/laravel/framework/src/Illuminate/Pipeline/Pipeline.php(148): Illuminate\Foundation\Http\Middleware\CheckForMaintenanceMode->handle(Object(Illuminate\Http\Request), Object(Closure))
#50 /home/ubuntu/workspace/Assignment3/vendor/laravel/framework/src/Illuminate/Routing/Pipeline.php(53): Illuminate\Pipeline\Pipeline->Illuminate\Pipeline\{closure}(Object(Illuminate\Http\Request))
#51 /home/ubuntu/workspace/Assignment3/vendor/laravel/framework/src/Illuminate/Pipeline/Pipeline.php(102): Illuminate\Routing\Pipeline->Illuminate\Routing\{closure}(Object(Illuminate\Http\Request))
#52 /home/ubuntu/workspace/Assignment3/vendor/laravel/framework/src/Illuminate/Foundation/Http/Kernel.php(151): Illuminate\Pipeline\Pipeline->then(Object(Closure))
#53 /home/ubuntu/workspace/Assignment3/vendor/laravel/framework/src/Illuminate/Foundation/Http/Kernel.php(116): Illuminate\Foundation\Http\Kernel->sendRequestThroughRouter(Object(Illuminate\Http\Request))
#54 /home/ubuntu/workspace/Assignment3/public/index.php(53): Illuminate\Foundation\Http\Kernel->handle(Object(Illuminate\Http\Request))
#55 /home/ubuntu/workspace/Assignment3/server.php(21): require_once('/home/ubuntu/wo...')
#56 {main}  
[2018-09-30 07:13:06] local.ERROR: ErrorException: file_put_contents(/home/ubuntu/workspace/Assignment3/storage/framework/sessions/WerR7yHG0g2yY42PmcRpQKcKCGqeFp0Yf7bXxCgL): failed to open stream: No such file or directory in /home/ubuntu/workspace/Assignment3/vendor/laravel/framework/src/Illuminate/Filesystem/Filesystem.php:122
Stack trace:
#0 [internal function]: Illuminate\Foundation\Bootstrap\HandleExceptions->handleError(2, 'file_put_conten...', '/home/ubuntu/wo...', 122, Array)
#1 /home/ubuntu/workspace/Assignment3/vendor/laravel/framework/src/Illuminate/Filesystem/Filesystem.php(122): file_put_contents('/home/ubuntu/wo...', 'a:3:{s:6:"_toke...', 2)
#2 /home/ubuntu/workspace/Assignment3/vendor/laravel/framework/src/Illuminate/Session/FileSessionHandler.php(83): Illuminate\Filesystem\Filesystem->put('/home/ubuntu/wo...', 'a:3:{s:6:"_toke...', true)
#3 /home/ubuntu/workspace/Assignment3/vendor/laravel/framework/src/Illuminate/Session/Store.php(128): Illuminate\Session\FileSessionHandler->write('WerR7yHG0g2yY42...', 'a:3:{s:6:"_toke...')
#4 /home/ubuntu/workspace/Assignment3/vendor/laravel/framework/src/Illuminate/Session/Middleware/StartSession.php(88): Illuminate\Session\Store->save()
#5 /home/ubuntu/workspace/Assignment3/vendor/laravel/framework/src/Illuminate/Foundation/Http/Kernel.php(218): Illuminate\Session\Middleware\StartSession->terminate(Object(Illuminate\Http\Request), Object(Illuminate\Http\Response))
#6 /home/ubuntu/workspace/Assignment3/vendor/laravel/framework/src/Illuminate/Foundation/Http/Kernel.php(189): Illuminate\Foundation\Http\Kernel->terminateMiddleware(Object(Illuminate\Http\Request), Object(Illuminate\Http\Response))
#7 /home/ubuntu/workspace/Assignment3/public/index.php(58): Illuminate\Foundation\Http\Kernel->terminate(Object(Illuminate\Http\Request), Object(Illuminate\Http\Response))
#8 /home/ubuntu/workspace/Assignment3/server.php(21): require_once('/home/ubuntu/wo...')
#9 {main}  
[2018-09-30 07:17:06] local.ERROR: ErrorException: symlink(): No such file or directory in /home/ubuntu/workspace/Assignment3/vendor/laravel/framework/src/Illuminate/Filesystem/Filesystem.php:228
Stack trace:
#0 [internal function]: Illuminate\Foundation\Bootstrap\HandleExceptions->handleError(2, 'symlink(): No s...', '/home/ubuntu/wo...', 228, Array)
#1 /home/ubuntu/workspace/Assignment3/vendor/laravel/framework/src/Illuminate/Filesystem/Filesystem.php(228): symlink('/home/ubuntu/wo...', '/home/ubuntu/wo...')
#2 /home/ubuntu/workspace/Assignment3/vendor/laravel/framework/src/Illuminate/Foundation/Console/StorageLinkCommand.php(35): Illuminate\Filesystem\Filesystem->link('/home/ubuntu/wo...', '/home/ubuntu/wo...')
#3 [internal function]: Illuminate\Foundation\Console\StorageLinkCommand->fire()
#4 /home/ubuntu/workspace/Assignment3/vendor/laravel/framework/src/Illuminate/Container/BoundMethod.php(29): call_user_func_array(Array, Array)
#5 /home/ubuntu/workspace/Assignment3/vendor/laravel/framework/src/Illuminate/Container/BoundMethod.php(87): Illuminate\Container\BoundMethod::Illuminate\Container\{closure}()
#6 /home/ubuntu/workspace/Assignment3/vendor/laravel/framework/src/Illuminate/Container/BoundMethod.php(31): Illuminate\Container\BoundMethod::callBoundMethod(Object(Illuminate\Foundation\Application), Array, Object(Closure))
#7 /home/ubuntu/workspace/Assignment3/vendor/laravel/framework/src/Illuminate/Container/Container.php(539): Illuminate\Container\BoundMethod::call(Object(Illuminate\Foundation\Application), Array, Array, NULL)
#8 /home/ubuntu/workspace/Assignment3/vendor/laravel/framework/src/Illuminate/Console/Command.php(182): Illuminate\Container\Container->call(Array)
#9 /home/ubuntu/workspace/Assignment3/vendor/symfony/console/Command/Command.php(251): Illuminate\Console\Command->execute(Object(Symfony\Component\Console\Input\ArgvInput), Object(Illuminate\Console\OutputStyle))
#10 /home/ubuntu/workspace/Assignment3/vendor/laravel/framework/src/Illuminate/Console/Command.php(167): Symfony\Component\Console\Command\Command->run(Object(Symfony\Component\Console\Input\ArgvInput), Object(Illuminate\Console\OutputStyle))
#11 /home/ubuntu/workspace/Assignment3/vendor/symfony/console/Application.php(946): Illuminate\Console\Command->run(Object(Symfony\Component\Console\Input\ArgvInput), Object(Symfony\Component\Console\Output\ConsoleOutput))
#12 /home/ubuntu/workspace/Assignment3/vendor/symfony/console/Application.php(248): Symfony\Component\Console\Application->doRunCommand(Object(Illuminate\Foundation\Console\StorageLinkCommand), Object(Symfony\Component\Console\Input\ArgvInput), Object(Symfony\Component\Console\Output\ConsoleOutput))
#13 /home/ubuntu/workspace/Assignment3/vendor/symfony/console/Application.php(148): Symfony\Component\Console\Application->doRun(Object(Symfony\Component\Console\Input\ArgvInput), Object(Symfony\Component\Console\Output\ConsoleOutput))
#14 /home/ubuntu/workspace/Assignment3/vendor/laravel/framework/src/Illuminate/Foundation/Console/Kernel.php(122): Symfony\Component\Console\Application->run(Object(Symfony\Component\Console\Input\ArgvInput), Object(Symfony\Component\Console\Output\ConsoleOutput))
#15 /home/ubuntu/workspace/Assignment3/artisan(35): Illuminate\Foundation\Console\Kernel->handle(Object(Symfony\Component\Console\Input\ArgvInput), Object(Symfony\Component\Console\Output\ConsoleOutput))
#16 {main}  
[2018-09-30 07:17:19] local.ERROR: ErrorException: symlink(): No such file or directory in /home/ubuntu/workspace/Assignment3/vendor/laravel/framework/src/Illuminate/Filesystem/Filesystem.php:228
Stack trace:
#0 [internal function]: Illuminate\Foundation\Bootstrap\HandleExceptions->handleError(2, 'symlink(): No s...', '/home/ubuntu/wo...', 228, Array)
#1 /home/ubuntu/workspace/Assignment3/vendor/laravel/framework/src/Illuminate/Filesystem/Filesystem.php(228): symlink('/home/ubuntu/wo...', '/home/ubuntu/wo...')
#2 /home/ubuntu/workspace/Assignment3/vendor/laravel/framework/src/Illuminate/Foundation/Console/StorageLinkCommand.php(35): Illuminate\Filesystem\Filesystem->link('/home/ubuntu/wo...', '/home/ubuntu/wo...')
#3 [internal function]: Illuminate\Foundation\Console\StorageLinkCommand->fire()
#4 /home/ubuntu/workspace/Assignment3/vendor/laravel/framework/src/Illuminate/Container/BoundMethod.php(29): call_user_func_array(Array, Array)
#5 /home/ubuntu/workspace/Assignment3/vendor/laravel/framework/src/Illuminate/Container/BoundMethod.php(87): Illuminate\Container\BoundMethod::Illuminate\Container\{closure}()
#6 /home/ubuntu/workspace/Assignment3/vendor/laravel/framework/src/Illuminate/Container/BoundMethod.php(31): Illuminate\Container\BoundMethod::callBoundMethod(Object(Illuminate\Foundation\Application), Array, Object(Closure))
#7 /home/ubuntu/workspace/Assignment3/vendor/laravel/framework/src/Illuminate/Container/Container.php(539): Illuminate\Container\BoundMethod::call(Object(Illuminate\Foundation\Application), Array, Array, NULL)
#8 /home/ubuntu/workspace/Assignment3/vendor/laravel/framework/src/Illuminate/Console/Command.php(182): Illuminate\Container\Container->call(Array)
#9 /home/ubuntu/workspace/Assignment3/vendor/symfony/console/Command/Command.php(251): Illuminate\Console\Command->execute(Object(Symfony\Component\Console\Input\ArgvInput), Object(Illuminate\Console\OutputStyle))
#10 /home/ubuntu/workspace/Assignment3/vendor/laravel/framework/src/Illuminate/Console/Command.php(167): Symfony\Component\Console\Command\Command->run(Object(Symfony\Component\Console\Input\ArgvInput), Object(Illuminate\Console\OutputStyle))
#11 /home/ubuntu/workspace/Assignment3/vendor/symfony/console/Application.php(946): Illuminate\Console\Command->run(Object(Symfony\Component\Console\Input\ArgvInput), Object(Symfony\Component\Console\Output\ConsoleOutput))
#12 /home/ubuntu/workspace/Assignment3/vendor/symfony/console/Application.php(248): Symfony\Component\Console\Application->doRunCommand(Object(Illuminate\Foundation\Console\StorageLinkCommand), Object(Symfony\Component\Console\Input\ArgvInput), Object(Symfony\Component\Console\Output\ConsoleOutput))
#13 /home/ubuntu/workspace/Assignment3/vendor/symfony/console/Application.php(148): Symfony\Component\Console\Application->doRun(Object(Symfony\Component\Console\Input\ArgvInput), Object(Symfony\Component\Console\Output\ConsoleOutput))
#14 /home/ubuntu/workspace/Assignment3/vendor/laravel/framework/src/Illuminate/Foundation/Console/Kernel.php(122): Symfony\Component\Console\Application->run(Object(Symfony\Component\Console\Input\ArgvInput), Object(Symfony\Component\Console\Output\ConsoleOutput))
#15 /home/ubuntu/workspace/Assignment3/artisan(35): Illuminate\Foundation\Console\Kernel->handle(Object(Symfony\Component\Console\Input\ArgvInput), Object(Symfony\Component\Console\Output\ConsoleOutput))
#16 {main}  
[2018-09-30 07:19:34] local.ERROR: ErrorException: file_put_contents(/home/ubuntu/workspace/Assignment3/storage/framework/views/18db58304d4493578c98b06c4451c65ce58fc923.php): failed to open stream: No such file or directory in /home/ubuntu/workspace/Assignment3/vendor/laravel/framework/src/Illuminate/Filesystem/Filesystem.php:122
Stack trace:
#0 [internal function]: Illuminate\Foundation\Bootstrap\HandleExceptions->handleError(2, 'file_put_conten...', '/home/ubuntu/wo...', 122, Array)
#1 /home/ubuntu/workspace/Assignment3/vendor/laravel/framework/src/Illuminate/Filesystem/Filesystem.php(122): file_put_contents('/home/ubuntu/wo...', '<?php $__env->s...', 0)
#2 /home/ubuntu/workspace/Assignment3/vendor/laravel/framework/src/Illuminate/View/Compilers/BladeCompiler.php(122): Illuminate\Filesystem\Filesystem->put('/home/ubuntu/wo...', '<?php $__env->s...')
#3 /home/ubuntu/workspace/Assignment3/vendor/laravel/framework/src/Illuminate/View/Engines/CompilerEngine.php(51): Illuminate\View\Compilers\BladeCompiler->compile('/home/ubuntu/wo...')
#4 /home/ubuntu/workspace/Assignment3/vendor/laravel/framework/src/Illuminate/View/View.php(137): Illuminate\View\Engines\CompilerEngine->get('/home/ubuntu/wo...', Array)
#5 /home/ubuntu/workspace/Assignment3/vendor/laravel/framework/src/Illuminate/View/View.php(120): Illuminate\View\View->getContents()
#6 /home/ubuntu/workspace/Assignment3/vendor/laravel/framework/src/Illuminate/View/View.php(85): Illuminate\View\View->renderContents()
#7 /home/ubuntu/workspace/Assignment3/vendor/laravel/framework/src/Illuminate/Http/Response.php(38): Illuminate\View\View->render()
#8 /home/ubuntu/workspace/Assignment3/vendor/symfony/http-foundation/Response.php(206): Illuminate\Http\Response->setContent(Object(Illuminate\View\View))
#9 /home/ubuntu/workspace/Assignment3/vendor/laravel/framework/src/Illuminate/Routing/Router.php(615): Symfony\Component\HttpFoundation\Response->__construct(Object(Illuminate\View\View))
#10 /home/ubuntu/workspace/Assignment3/vendor/laravel/framework/src/Illuminate/Routing/Router.php(572): Illuminate\Routing\Router->prepareResponse(Object(Illuminate\Http\Request), Object(Illuminate\View\View))
#11 /home/ubuntu/workspace/Assignment3/vendor/laravel/framework/src/Illuminate/Routing/Pipeline.php(30): Illuminate\Routing\Router->Illuminate\Routing\{closure}(Object(Illuminate\Http\Request))
#12 /home/ubuntu/workspace/Assignment3/app/Http/Middleware/RedirectIfAuthenticated.php(24): Illuminate\Routing\Pipeline->Illuminate\Routing\{closure}(Object(Illuminate\Http\Request))
#13 /home/ubuntu/workspace/Assignment3/vendor/laravel/framework/src/Illuminate/Pipeline/Pipeline.php(148): App\Http\Middleware\RedirectIfAuthenticated->handle(Object(Illuminate\Http\Request), Object(Closure))
#14 /home/ubuntu/workspace/Assignment3/vendor/laravel/framework/src/Illuminate/Routing/Pipeline.php(53): Illuminate\Pipeline\Pipeline->Illuminate\Pipeline\{closure}(Object(Illuminate\Http\Request))
#15 /home/ubuntu/workspace/Assignment3/vendor/laravel/framework/src/Illuminate/Routing/Middleware/SubstituteBindings.php(41): Illuminate\Routing\Pipeline->Illuminate\Routing\{closure}(Object(Illuminate\Http\Request))
#16 /home/ubuntu/workspace/Assignment3/vendor/laravel/framework/src/Illuminate/Pipeline/Pipeline.php(148): Illuminate\Routing\Middleware\SubstituteBindings->handle(Object(Illuminate\Http\Request), Object(Closure))
#17 /home/ubuntu/workspace/Assignment3/vendor/laravel/framework/src/Illuminate/Routing/Pipeline.php(53): Illuminate\Pipeline\Pipeline->Illuminate\Pipeline\{closure}(Object(Illuminate\Http\Request))
#18 /home/ubuntu/workspace/Assignment3/vendor/laravel/framework/src/Illuminate/Foundation/Http/Middleware/VerifyCsrfToken.php(65): Illuminate\Routing\Pipeline->Illuminate\Routing\{closure}(Object(Illuminate\Http\Request))
#19 /home/ubuntu/workspace/Assignment3/vendor/laravel/framework/src/Illuminate/Pipeline/Pipeline.php(148): Illuminate\Foundation\Http\Middleware\VerifyCsrfToken->handle(Object(Illuminate\Http\Request), Object(Closure))
#20 /home/ubuntu/workspace/Assignment3/vendor/laravel/framework/src/Illuminate/Routing/Pipeline.php(53): Illuminate\Pipeline\Pipeline->Illuminate\Pipeline\{closure}(Object(Illuminate\Http\Request))
#21 /home/ubuntu/workspace/Assignment3/vendor/laravel/framework/src/Illuminate/View/Middleware/ShareErrorsFromSession.php(49): Illuminate\Routing\Pipeline->Illuminate\Routing\{closure}(Object(Illuminate\Http\Request))
#22 /home/ubuntu/workspace/Assignment3/vendor/laravel/framework/src/Illuminate/Pipeline/Pipeline.php(148): Illuminate\View\Middleware\ShareErrorsFromSession->handle(Object(Illuminate\Http\Request), Object(Closure))
#23 /home/ubuntu/workspace/Assignment3/vendor/laravel/framework/src/Illuminate/Routing/Pipeline.php(53): Illuminate\Pipeline\Pipeline->Illuminate\Pipeline\{closure}(Object(Illuminate\Http\Request))
#24 /home/ubuntu/workspace/Assignment3/vendor/laravel/framework/src/Illuminate/Session/Middleware/StartSession.php(64): Illuminate\Routing\Pipeline->Illuminate\Routing\{closure}(Object(Illuminate\Http\Request))
#25 /home/ubuntu/workspace/Assignment3/vendor/laravel/framework/src/Illuminate/Pipeline/Pipeline.php(148): Illuminate\Session\Middleware\StartSession->handle(Object(Illuminate\Http\Request), Object(Closure))
#26 /home/ubuntu/workspace/Assignment3/vendor/laravel/framework/src/Illuminate/Routing/Pipeline.php(53): Illuminate\Pipeline\Pipeline->Illuminate\Pipeline\{closure}(Object(Illuminate\Http\Request))
#27 /home/ubuntu/workspace/Assignment3/vendor/laravel/framework/src/Illuminate/Cookie/Middleware/AddQueuedCookiesToResponse.php(37): Illuminate\Routing\Pipeline->Illuminate\Routing\{closure}(Object(Illuminate\Http\Request))
#28 /home/ubuntu/workspace/Assignment3/vendor/laravel/framework/src/Illuminate/Pipeline/Pipeline.php(148): Illuminate\Cookie\Middleware\AddQueuedCookiesToResponse->handle(Object(Illuminate\Http\Request), Object(Closure))
#29 /home/ubuntu/workspace/Assignment3/vendor/laravel/framework/src/Illuminate/Routing/Pipeline.php(53): Illuminate\Pipeline\Pipeline->Illuminate\Pipeline\{closure}(Object(Illuminate\Http\Request))
#30 /home/ubuntu/workspace/Assignment3/vendor/laravel/framework/src/Illuminate/Cookie/Middleware/EncryptCookies.php(59): Illuminate\Routing\Pipeline->Illuminate\Routing\{closure}(Object(Illuminate\Http\Request))
#31 /home/ubuntu/workspace/Assignment3/vendor/laravel/framework/src/Illuminate/Pipeline/Pipeline.php(148): Illuminate\Cookie\Middleware\EncryptCookies->handle(Object(Illuminate\Http\Request), Object(Closure))
#32 /home/ubuntu/workspace/Assignment3/vendor/laravel/framework/src/Illuminate/Routing/Pipeline.php(53): Illuminate\Pipeline\Pipeline->Illuminate\Pipeline\{closure}(Object(Illuminate\Http\Request))
#33 /home/ubuntu/workspace/Assignment3/vendor/laravel/framework/src/Illuminate/Pipeline/Pipeline.php(102): Illuminate\Routing\Pipeline->Illuminate\Routing\{closure}(Object(Illuminate\Http\Request))
#34 /home/ubuntu/workspace/Assignment3/vendor/laravel/framework/src/Illuminate/Routing/Router.php(574): Illuminate\Pipeline\Pipeline->then(Object(Closure))
#35 /home/ubuntu/workspace/Assignment3/vendor/laravel/framework/src/Illuminate/Routing/Router.php(533): Illuminate\Routing\Router->runRouteWithinStack(Object(Illuminate\Routing\Route), Object(Illuminate\Http\Request))
#36 /home/ubuntu/workspace/Assignment3/vendor/laravel/framework/src/Illuminate/Routing/Router.php(511): Illuminate\Routing\Router->dispatchToRoute(Object(Illuminate\Http\Request))
#37 /home/ubuntu/workspace/Assignment3/vendor/laravel/framework/src/Illuminate/Foundation/Http/Kernel.php(176): Illuminate\Routing\Router->dispatch(Object(Illuminate\Http\Request))
#38 /home/ubuntu/workspace/Assignment3/vendor/laravel/framework/src/Illuminate/Routing/Pipeline.php(30): Illuminate\Foundation\Http\Kernel->Illuminate\Foundation\Http\{closure}(Object(Illuminate\Http\Request))
#39 /home/ubuntu/workspace/Assignment3/vendor/laravel/framework/src/Illuminate/Foundation/Http/Middleware/TransformsRequest.php(30): Illuminate\Routing\Pipeline->Illuminate\Routing\{closure}(Object(Illuminate\Http\Request))
#40 /home/ubuntu/workspace/Assignment3/vendor/laravel/framework/src/Illuminate/Pipeline/Pipeline.php(148): Illuminate\Foundation\Http\Middleware\TransformsRequest->handle(Object(Illuminate\Http\Request), Object(Closure))
#41 /home/ubuntu/workspace/Assignment3/vendor/laravel/framework/src/Illuminate/Routing/Pipeline.php(53): Illuminate\Pipeline\Pipeline->Illuminate\Pipeline\{closure}(Object(Illuminate\Http\Request))
#42 /home/ubuntu/workspace/Assignment3/vendor/laravel/framework/src/Illuminate/Foundation/Http/Middleware/TransformsRequest.php(30): Illuminate\Routing\Pipeline->Illuminate\Routing\{closure}(Object(Illuminate\Http\Request))
#43 /home/ubuntu/workspace/Assignment3/vendor/laravel/framework/src/Illuminate/Pipeline/Pipeline.php(148): Illuminate\Foundation\Http\Middleware\TransformsRequest->handle(Object(Illuminate\Http\Request), Object(Closure))
#44 /home/ubuntu/workspace/Assignment3/vendor/laravel/framework/src/Illuminate/Routing/Pipeline.php(53): Illuminate\Pipeline\Pipeline->Illuminate\Pipeline\{closure}(Object(Illuminate\Http\Request))
#45 /home/ubuntu/workspace/Assignment3/vendor/laravel/framework/src/Illuminate/Foundation/Http/Middleware/ValidatePostSize.php(27): Illuminate\Routing\Pipeline->Illuminate\Routing\{closure}(Object(Illuminate\Http\Request))
#46 /home/ubuntu/workspace/Assignment3/vendor/laravel/framework/src/Illuminate/Pipeline/Pipeline.php(148): Illuminate\Foundation\Http\Middleware\ValidatePostSize->handle(Object(Illuminate\Http\Request), Object(Closure))
#47 /home/ubuntu/workspace/Assignment3/vendor/laravel/framework/src/Illuminate/Routing/Pipeline.php(53): Illuminate\Pipeline\Pipeline->Illuminate\Pipeline\{closure}(Object(Illuminate\Http\Request))
#48 /home/ubuntu/workspace/Assignment3/vendor/laravel/framework/src/Illuminate/Foundation/Http/Middleware/CheckForMaintenanceMode.php(46): Illuminate\Routing\Pipeline->Illuminate\Routing\{closure}(Object(Illuminate\Http\Request))
#49 /home/ubuntu/workspace/Assignment3/vendor/laravel/framework/src/Illuminate/Pipeline/Pipeline.php(148): Illuminate\Foundation\Http\Middleware\CheckForMaintenanceMode->handle(Object(Illuminate\Http\Request), Object(Closure))
#50 /home/ubuntu/workspace/Assignment3/vendor/laravel/framework/src/Illuminate/Routing/Pipeline.php(53): Illuminate\Pipeline\Pipeline->Illuminate\Pipeline\{closure}(Object(Illuminate\Http\Request))
#51 /home/ubuntu/workspace/Assignment3/vendor/laravel/framework/src/Illuminate/Pipeline/Pipeline.php(102): Illuminate\Routing\Pipeline->Illuminate\Routing\{closure}(Object(Illuminate\Http\Request))
#52 /home/ubuntu/workspace/Assignment3/vendor/laravel/framework/src/Illuminate/Foundation/Http/Kernel.php(151): Illuminate\Pipeline\Pipeline->then(Object(Closure))
#53 /home/ubuntu/workspace/Assignment3/vendor/laravel/framework/src/Illuminate/Foundation/Http/Kernel.php(116): Illuminate\Foundation\Http\Kernel->sendRequestThroughRouter(Object(Illuminate\Http\Request))
#54 /home/ubuntu/workspace/Assignment3/public/index.php(53): Illuminate\Foundation\Http\Kernel->handle(Object(Illuminate\Http\Request))
#55 /home/ubuntu/workspace/Assignment3/server.php(21): require_once('/home/ubuntu/wo...')
#56 {main}  
[2018-09-30 07:19:34] local.ERROR: ErrorException: file_put_contents(/home/ubuntu/workspace/Assignment3/storage/framework/sessions/WerR7yHG0g2yY42PmcRpQKcKCGqeFp0Yf7bXxCgL): failed to open stream: No such file or directory in /home/ubuntu/workspace/Assignment3/vendor/laravel/framework/src/Illuminate/Filesystem/Filesystem.php:122
Stack trace:
#0 [internal function]: Illuminate\Foundation\Bootstrap\HandleExceptions->handleError(2, 'file_put_conten...', '/home/ubuntu/wo...', 122, Array)
#1 /home/ubuntu/workspace/Assignment3/vendor/laravel/framework/src/Illuminate/Filesystem/Filesystem.php(122): file_put_contents('/home/ubuntu/wo...', 'a:3:{s:6:"_toke...', 2)
#2 /home/ubuntu/workspace/Assignment3/vendor/laravel/framework/src/Illuminate/Session/FileSessionHandler.php(83): Illuminate\Filesystem\Filesystem->put('/home/ubuntu/wo...', 'a:3:{s:6:"_toke...', true)
#3 /home/ubuntu/workspace/Assignment3/vendor/laravel/framework/src/Illuminate/Session/Store.php(128): Illuminate\Session\FileSessionHandler->write('WerR7yHG0g2yY42...', 'a:3:{s:6:"_toke...')
#4 /home/ubuntu/workspace/Assignment3/vendor/laravel/framework/src/Illuminate/Session/Middleware/StartSession.php(88): Illuminate\Session\Store->save()
#5 /home/ubuntu/workspace/Assignment3/vendor/laravel/framework/src/Illuminate/Foundation/Http/Kernel.php(218): Illuminate\Session\Middleware\StartSession->terminate(Object(Illuminate\Http\Request), Object(Illuminate\Http\Response))
#6 /home/ubuntu/workspace/Assignment3/vendor/laravel/framework/src/Illuminate/Foundation/Http/Kernel.php(189): Illuminate\Foundation\Http\Kernel->terminateMiddleware(Object(Illuminate\Http\Request), Object(Illuminate\Http\Response))
#7 /home/ubuntu/workspace/Assignment3/public/index.php(58): Illuminate\Foundation\Http\Kernel->terminate(Object(Illuminate\Http\Request), Object(Illuminate\Http\Response))
#8 /home/ubuntu/workspace/Assignment3/server.php(21): require_once('/home/ubuntu/wo...')
#9 {main}  
[2018-09-30 07:19:45] local.ERROR: ErrorException: file_put_contents(/home/ubuntu/workspace/Assignment3/storage/framework/sessions/WerR7yHG0g2yY42PmcRpQKcKCGqeFp0Yf7bXxCgL): failed to open stream: No such file or directory in /home/ubuntu/workspace/Assignment3/vendor/laravel/framework/src/Illuminate/Filesystem/Filesystem.php:122
Stack trace:
#0 [internal function]: Illuminate\Foundation\Bootstrap\HandleExceptions->handleError(2, 'file_put_conten...', '/home/ubuntu/wo...', 122, Array)
#1 /home/ubuntu/workspace/Assignment3/vendor/laravel/framework/src/Illuminate/Filesystem/Filesystem.php(122): file_put_contents('/home/ubuntu/wo...', 'a:4:{s:6:"_toke...', 2)
#2 /home/ubuntu/workspace/Assignment3/vendor/laravel/framework/src/Illuminate/Session/FileSessionHandler.php(83): Illuminate\Filesystem\Filesystem->put('/home/ubuntu/wo...', 'a:4:{s:6:"_toke...', true)
#3 /home/ubuntu/workspace/Assignment3/vendor/laravel/framework/src/Illuminate/Session/Store.php(128): Illuminate\Session\FileSessionHandler->write('WerR7yHG0g2yY42...', 'a:4:{s:6:"_toke...')
#4 /home/ubuntu/workspace/Assignment3/vendor/laravel/framework/src/Illuminate/Session/Middleware/StartSession.php(88): Illuminate\Session\Store->save()
#5 /home/ubuntu/workspace/Assignment3/vendor/laravel/framework/src/Illuminate/Foundation/Http/Kernel.php(218): Illuminate\Session\Middleware\StartSession->terminate(Object(Illuminate\Http\Request), Object(Illuminate\Http\RedirectResponse))
#6 /home/ubuntu/workspace/Assignment3/vendor/laravel/framework/src/Illuminate/Foundation/Http/Kernel.php(189): Illuminate\Foundation\Http\Kernel->terminateMiddleware(Object(Illuminate\Http\Request), Object(Illuminate\Http\RedirectResponse))
#7 /home/ubuntu/workspace/Assignment3/public/index.php(58): Illuminate\Foundation\Http\Kernel->terminate(Object(Illuminate\Http\Request), Object(Illuminate\Http\RedirectResponse))
#8 /home/ubuntu/workspace/Assignment3/server.php(21): require_once('/home/ubuntu/wo...')
#9 {main}  
[2018-09-30 07:19:46] local.ERROR: ErrorException: file_put_contents(/home/ubuntu/workspace/Assignment3/storage/framework/views/18db58304d4493578c98b06c4451c65ce58fc923.php): failed to open stream: No such file or directory in /home/ubuntu/workspace/Assignment3/vendor/laravel/framework/src/Illuminate/Filesystem/Filesystem.php:122
Stack trace:
#0 [internal function]: Illuminate\Foundation\Bootstrap\HandleExceptions->handleError(2, 'file_put_conten...', '/home/ubuntu/wo...', 122, Array)
#1 /home/ubuntu/workspace/Assignment3/vendor/laravel/framework/src/Illuminate/Filesystem/Filesystem.php(122): file_put_contents('/home/ubuntu/wo...', '<?php $__env->s...', 0)
#2 /home/ubuntu/workspace/Assignment3/vendor/laravel/framework/src/Illuminate/View/Compilers/BladeCompiler.php(122): Illuminate\Filesystem\Filesystem->put('/home/ubuntu/wo...', '<?php $__env->s...')
#3 /home/ubuntu/workspace/Assignment3/vendor/laravel/framework/src/Illuminate/View/Engines/CompilerEngine.php(51): Illuminate\View\Compilers\BladeCompiler->compile('/home/ubuntu/wo...')
#4 /home/ubuntu/workspace/Assignment3/vendor/laravel/framework/src/Illuminate/View/View.php(137): Illuminate\View\Engines\CompilerEngine->get('/home/ubuntu/wo...', Array)
#5 /home/ubuntu/workspace/Assignment3/vendor/laravel/framework/src/Illuminate/View/View.php(120): Illuminate\View\View->getContents()
#6 /home/ubuntu/workspace/Assignment3/vendor/laravel/framework/src/Illuminate/View/View.php(85): Illuminate\View\View->renderContents()
#7 /home/ubuntu/workspace/Assignment3/vendor/laravel/framework/src/Illuminate/Http/Response.php(38): Illuminate\View\View->render()
#8 /home/ubuntu/workspace/Assignment3/vendor/symfony/http-foundation/Response.php(206): Illuminate\Http\Response->setContent(Object(Illuminate\View\View))
#9 /home/ubuntu/workspace/Assignment3/vendor/laravel/framework/src/Illuminate/Routing/Router.php(615): Symfony\Component\HttpFoundation\Response->__construct(Object(Illuminate\View\View))
#10 /home/ubuntu/workspace/Assignment3/vendor/laravel/framework/src/Illuminate/Routing/Router.php(572): Illuminate\Routing\Router->prepareResponse(Object(Illuminate\Http\Request), Object(Illuminate\View\View))
#11 /home/ubuntu/workspace/Assignment3/vendor/laravel/framework/src/Illuminate/Routing/Pipeline.php(30): Illuminate\Routing\Router->Illuminate\Routing\{closure}(Object(Illuminate\Http\Request))
#12 /home/ubuntu/workspace/Assignment3/app/Http/Middleware/RedirectIfAuthenticated.php(24): Illuminate\Routing\Pipeline->Illuminate\Routing\{closure}(Object(Illuminate\Http\Request))
#13 /home/ubuntu/workspace/Assignment3/vendor/laravel/framework/src/Illuminate/Pipeline/Pipeline.php(148): App\Http\Middleware\RedirectIfAuthenticated->handle(Object(Illuminate\Http\Request), Object(Closure))
#14 /home/ubuntu/workspace/Assignment3/vendor/laravel/framework/src/Illuminate/Routing/Pipeline.php(53): Illuminate\Pipeline\Pipeline->Illuminate\Pipeline\{closure}(Object(Illuminate\Http\Request))
#15 /home/ubuntu/workspace/Assignment3/vendor/laravel/framework/src/Illuminate/Routing/Middleware/SubstituteBindings.php(41): Illuminate\Routing\Pipeline->Illuminate\Routing\{closure}(Object(Illuminate\Http\Request))
#16 /home/ubuntu/workspace/Assignment3/vendor/laravel/framework/src/Illuminate/Pipeline/Pipeline.php(148): Illuminate\Routing\Middleware\SubstituteBindings->handle(Object(Illuminate\Http\Request), Object(Closure))
#17 /home/ubuntu/workspace/Assignment3/vendor/laravel/framework/src/Illuminate/Routing/Pipeline.php(53): Illuminate\Pipeline\Pipeline->Illuminate\Pipeline\{closure}(Object(Illuminate\Http\Request))
#18 /home/ubuntu/workspace/Assignment3/vendor/laravel/framework/src/Illuminate/Foundation/Http/Middleware/VerifyCsrfToken.php(65): Illuminate\Routing\Pipeline->Illuminate\Routing\{closure}(Object(Illuminate\Http\Request))
#19 /home/ubuntu/workspace/Assignment3/vendor/laravel/framework/src/Illuminate/Pipeline/Pipeline.php(148): Illuminate\Foundation\Http\Middleware\VerifyCsrfToken->handle(Object(Illuminate\Http\Request), Object(Closure))
#20 /home/ubuntu/workspace/Assignment3/vendor/laravel/framework/src/Illuminate/Routing/Pipeline.php(53): Illuminate\Pipeline\Pipeline->Illuminate\Pipeline\{closure}(Object(Illuminate\Http\Request))
#21 /home/ubuntu/workspace/Assignment3/vendor/laravel/framework/src/Illuminate/View/Middleware/ShareErrorsFromSession.php(49): Illuminate\Routing\Pipeline->Illuminate\Routing\{closure}(Object(Illuminate\Http\Request))
#22 /home/ubuntu/workspace/Assignment3/vendor/laravel/framework/src/Illuminate/Pipeline/Pipeline.php(148): Illuminate\View\Middleware\ShareErrorsFromSession->handle(Object(Illuminate\Http\Request), Object(Closure))
#23 /home/ubuntu/workspace/Assignment3/vendor/laravel/framework/src/Illuminate/Routing/Pipeline.php(53): Illuminate\Pipeline\Pipeline->Illuminate\Pipeline\{closure}(Object(Illuminate\Http\Request))
#24 /home/ubuntu/workspace/Assignment3/vendor/laravel/framework/src/Illuminate/Session/Middleware/StartSession.php(64): Illuminate\Routing\Pipeline->Illuminate\Routing\{closure}(Object(Illuminate\Http\Request))
#25 /home/ubuntu/workspace/Assignment3/vendor/laravel/framework/src/Illuminate/Pipeline/Pipeline.php(148): Illuminate\Session\Middleware\StartSession->handle(Object(Illuminate\Http\Request), Object(Closure))
#26 /home/ubuntu/workspace/Assignment3/vendor/laravel/framework/src/Illuminate/Routing/Pipeline.php(53): Illuminate\Pipeline\Pipeline->Illuminate\Pipeline\{closure}(Object(Illuminate\Http\Request))
#27 /home/ubuntu/workspace/Assignment3/vendor/laravel/framework/src/Illuminate/Cookie/Middleware/AddQueuedCookiesToResponse.php(37): Illuminate\Routing\Pipeline->Illuminate\Routing\{closure}(Object(Illuminate\Http\Request))
#28 /home/ubuntu/workspace/Assignment3/vendor/laravel/framework/src/Illuminate/Pipeline/Pipeline.php(148): Illuminate\Cookie\Middleware\AddQueuedCookiesToResponse->handle(Object(Illuminate\Http\Request), Object(Closure))
#29 /home/ubuntu/workspace/Assignment3/vendor/laravel/framework/src/Illuminate/Routing/Pipeline.php(53): Illuminate\Pipeline\Pipeline->Illuminate\Pipeline\{closure}(Object(Illuminate\Http\Request))
#30 /home/ubuntu/workspace/Assignment3/vendor/laravel/framework/src/Illuminate/Cookie/Middleware/EncryptCookies.php(59): Illuminate\Routing\Pipeline->Illuminate\Routing\{closure}(Object(Illuminate\Http\Request))
#31 /home/ubuntu/workspace/Assignment3/vendor/laravel/framework/src/Illuminate/Pipeline/Pipeline.php(148): Illuminate\Cookie\Middleware\EncryptCookies->handle(Object(Illuminate\Http\Request), Object(Closure))
#32 /home/ubuntu/workspace/Assignment3/vendor/laravel/framework/src/Illuminate/Routing/Pipeline.php(53): Illuminate\Pipeline\Pipeline->Illuminate\Pipeline\{closure}(Object(Illuminate\Http\Request))
#33 /home/ubuntu/workspace/Assignment3/vendor/laravel/framework/src/Illuminate/Pipeline/Pipeline.php(102): Illuminate\Routing\Pipeline->Illuminate\Routing\{closure}(Object(Illuminate\Http\Request))
#34 /home/ubuntu/workspace/Assignment3/vendor/laravel/framework/src/Illuminate/Routing/Router.php(574): Illuminate\Pipeline\Pipeline->then(Object(Closure))
#35 /home/ubuntu/workspace/Assignment3/vendor/laravel/framework/src/Illuminate/Routing/Router.php(533): Illuminate\Routing\Router->runRouteWithinStack(Object(Illuminate\Routing\Route), Object(Illuminate\Http\Request))
#36 /home/ubuntu/workspace/Assignment3/vendor/laravel/framework/src/Illuminate/Routing/Router.php(511): Illuminate\Routing\Router->dispatchToRoute(Object(Illuminate\Http\Request))
#37 /home/ubuntu/workspace/Assignment3/vendor/laravel/framework/src/Illuminate/Foundation/Http/Kernel.php(176): Illuminate\Routing\Router->dispatch(Object(Illuminate\Http\Request))
#38 /home/ubuntu/workspace/Assignment3/vendor/laravel/framework/src/Illuminate/Routing/Pipeline.php(30): Illuminate\Foundation\Http\Kernel->Illuminate\Foundation\Http\{closure}(Object(Illuminate\Http\Request))
#39 /home/ubuntu/workspace/Assignment3/vendor/laravel/framework/src/Illuminate/Foundation/Http/Middleware/TransformsRequest.php(30): Illuminate\Routing\Pipeline->Illuminate\Routing\{closure}(Object(Illuminate\Http\Request))
#40 /home/ubuntu/workspace/Assignment3/vendor/laravel/framework/src/Illuminate/Pipeline/Pipeline.php(148): Illuminate\Foundation\Http\Middleware\TransformsRequest->handle(Object(Illuminate\Http\Request), Object(Closure))
#41 /home/ubuntu/workspace/Assignment3/vendor/laravel/framework/src/Illuminate/Routing/Pipeline.php(53): Illuminate\Pipeline\Pipeline->Illuminate\Pipeline\{closure}(Object(Illuminate\Http\Request))
#42 /home/ubuntu/workspace/Assignment3/vendor/laravel/framework/src/Illuminate/Foundation/Http/Middleware/TransformsRequest.php(30): Illuminate\Routing\Pipeline->Illuminate\Routing\{closure}(Object(Illuminate\Http\Request))
#43 /home/ubuntu/workspace/Assignment3/vendor/laravel/framework/src/Illuminate/Pipeline/Pipeline.php(148): Illuminate\Foundation\Http\Middleware\TransformsRequest->handle(Object(Illuminate\Http\Request), Object(Closure))
#44 /home/ubuntu/workspace/Assignment3/vendor/laravel/framework/src/Illuminate/Routing/Pipeline.php(53): Illuminate\Pipeline\Pipeline->Illuminate\Pipeline\{closure}(Object(Illuminate\Http\Request))
#45 /home/ubuntu/workspace/Assignment3/vendor/laravel/framework/src/Illuminate/Foundation/Http/Middleware/ValidatePostSize.php(27): Illuminate\Routing\Pipeline->Illuminate\Routing\{closure}(Object(Illuminate\Http\Request))
#46 /home/ubuntu/workspace/Assignment3/vendor/laravel/framework/src/Illuminate/Pipeline/Pipeline.php(148): Illuminate\Foundation\Http\Middleware\ValidatePostSize->handle(Object(Illuminate\Http\Request), Object(Closure))
#47 /home/ubuntu/workspace/Assignment3/vendor/laravel/framework/src/Illuminate/Routing/Pipeline.php(53): Illuminate\Pipeline\Pipeline->Illuminate\Pipeline\{closure}(Object(Illuminate\Http\Request))
#48 /home/ubuntu/workspace/Assignment3/vendor/laravel/framework/src/Illuminate/Foundation/Http/Middleware/CheckForMaintenanceMode.php(46): Illuminate\Routing\Pipeline->Illuminate\Routing\{closure}(Object(Illuminate\Http\Request))
#49 /home/ubuntu/workspace/Assignment3/vendor/laravel/framework/src/Illuminate/Pipeline/Pipeline.php(148): Illuminate\Foundation\Http\Middleware\CheckForMaintenanceMode->handle(Object(Illuminate\Http\Request), Object(Closure))
#50 /home/ubuntu/workspace/Assignment3/vendor/laravel/framework/src/Illuminate/Routing/Pipeline.php(53): Illuminate\Pipeline\Pipeline->Illuminate\Pipeline\{closure}(Object(Illuminate\Http\Request))
#51 /home/ubuntu/workspace/Assignment3/vendor/laravel/framework/src/Illuminate/Pipeline/Pipeline.php(102): Illuminate\Routing\Pipeline->Illuminate\Routing\{closure}(Object(Illuminate\Http\Request))
#52 /home/ubuntu/workspace/Assignment3/vendor/laravel/framework/src/Illuminate/Foundation/Http/Kernel.php(151): Illuminate\Pipeline\Pipeline->then(Object(Closure))
#53 /home/ubuntu/workspace/Assignment3/vendor/laravel/framework/src/Illuminate/Foundation/Http/Kernel.php(116): Illuminate\Foundation\Http\Kernel->sendRequestThroughRouter(Object(Illuminate\Http\Request))
#54 /home/ubuntu/workspace/Assignment3/public/index.php(53): Illuminate\Foundation\Http\Kernel->handle(Object(Illuminate\Http\Request))
#55 /home/ubuntu/workspace/Assignment3/server.php(21): require_once('/home/ubuntu/wo...')
#56 {main}  
[2018-09-30 07:19:46] local.ERROR: ErrorException: file_put_contents(/home/ubuntu/workspace/Assignment3/storage/framework/sessions/WerR7yHG0g2yY42PmcRpQKcKCGqeFp0Yf7bXxCgL): failed to open stream: No such file or directory in /home/ubuntu/workspace/Assignment3/vendor/laravel/framework/src/Illuminate/Filesystem/Filesystem.php:122
Stack trace:
#0 [internal function]: Illuminate\Foundation\Bootstrap\HandleExceptions->handleError(2, 'file_put_conten...', '/home/ubuntu/wo...', 122, Array)
#1 /home/ubuntu/workspace/Assignment3/vendor/laravel/framework/src/Illuminate/Filesystem/Filesystem.php(122): file_put_contents('/home/ubuntu/wo...', 'a:3:{s:6:"_toke...', 2)
#2 /home/ubuntu/workspace/Assignment3/vendor/laravel/framework/src/Illuminate/Session/FileSessionHandler.php(83): Illuminate\Filesystem\Filesystem->put('/home/ubuntu/wo...', 'a:3:{s:6:"_toke...', true)
#3 /home/ubuntu/workspace/Assignment3/vendor/laravel/framework/src/Illuminate/Session/Store.php(128): Illuminate\Session\FileSessionHandler->write('WerR7yHG0g2yY42...', 'a:3:{s:6:"_toke...')
#4 /home/ubuntu/workspace/Assignment3/vendor/laravel/framework/src/Illuminate/Session/Middleware/StartSession.php(88): Illuminate\Session\Store->save()
#5 /home/ubuntu/workspace/Assignment3/vendor/laravel/framework/src/Illuminate/Foundation/Http/Kernel.php(218): Illuminate\Session\Middleware\StartSession->terminate(Object(Illuminate\Http\Request), Object(Illuminate\Http\Response))
#6 /home/ubuntu/workspace/Assignment3/vendor/laravel/framework/src/Illuminate/Foundation/Http/Kernel.php(189): Illuminate\Foundation\Http\Kernel->terminateMiddleware(Object(Illuminate\Http\Request), Object(Illuminate\Http\Response))
#7 /home/ubuntu/workspace/Assignment3/public/index.php(58): Illuminate\Foundation\Http\Kernel->terminate(Object(Illuminate\Http\Request), Object(Illuminate\Http\Response))
#8 /home/ubuntu/workspace/Assignment3/server.php(21): require_once('/home/ubuntu/wo...')
#9 {main}  
[2018-09-30 07:19:59] local.ERROR: ErrorException: file_put_contents(/home/ubuntu/workspace/Assignment3/storage/framework/sessions/WerR7yHG0g2yY42PmcRpQKcKCGqeFp0Yf7bXxCgL): failed to open stream: No such file or directory in /home/ubuntu/workspace/Assignment3/vendor/laravel/framework/src/Illuminate/Filesystem/Filesystem.php:122
Stack trace:
#0 [internal function]: Illuminate\Foundation\Bootstrap\HandleExceptions->handleError(2, 'file_put_conten...', '/home/ubuntu/wo...', 122, Array)
#1 /home/ubuntu/workspace/Assignment3/vendor/laravel/framework/src/Illuminate/Filesystem/Filesystem.php(122): file_put_contents('/home/ubuntu/wo...', 'a:4:{s:6:"_toke...', 2)
#2 /home/ubuntu/workspace/Assignment3/vendor/laravel/framework/src/Illuminate/Session/FileSessionHandler.php(83): Illuminate\Filesystem\Filesystem->put('/home/ubuntu/wo...', 'a:4:{s:6:"_toke...', true)
#3 /home/ubuntu/workspace/Assignment3/vendor/laravel/framework/src/Illuminate/Session/Store.php(128): Illuminate\Session\FileSessionHandler->write('WerR7yHG0g2yY42...', 'a:4:{s:6:"_toke...')
#4 /home/ubuntu/workspace/Assignment3/vendor/laravel/framework/src/Illuminate/Session/Middleware/StartSession.php(88): Illuminate\Session\Store->save()
#5 /home/ubuntu/workspace/Assignment3/vendor/laravel/framework/src/Illuminate/Foundation/Http/Kernel.php(218): Illuminate\Session\Middleware\StartSession->terminate(Object(Illuminate\Http\Request), Object(Illuminate\Http\RedirectResponse))
#6 /home/ubuntu/workspace/Assignment3/vendor/laravel/framework/src/Illuminate/Foundation/Http/Kernel.php(189): Illuminate\Foundation\Http\Kernel->terminateMiddleware(Object(Illuminate\Http\Request), Object(Illuminate\Http\RedirectResponse))
#7 /home/ubuntu/workspace/Assignment3/public/index.php(58): Illuminate\Foundation\Http\Kernel->terminate(Object(Illuminate\Http\Request), Object(Illuminate\Http\RedirectResponse))
#8 /home/ubuntu/workspace/Assignment3/server.php(21): require_once('/home/ubuntu/wo...')
#9 {main}  
[2018-09-30 07:19:59] local.ERROR: ErrorException: file_put_contents(/home/ubuntu/workspace/Assignment3/storage/framework/views/18db58304d4493578c98b06c4451c65ce58fc923.php): failed to open stream: No such file or directory in /home/ubuntu/workspace/Assignment3/vendor/laravel/framework/src/Illuminate/Filesystem/Filesystem.php:122
Stack trace:
#0 [internal function]: Illuminate\Foundation\Bootstrap\HandleExceptions->handleError(2, 'file_put_conten...', '/home/ubuntu/wo...', 122, Array)
#1 /home/ubuntu/workspace/Assignment3/vendor/laravel/framework/src/Illuminate/Filesystem/Filesystem.php(122): file_put_contents('/home/ubuntu/wo...', '<?php $__env->s...', 0)
#2 /home/ubuntu/workspace/Assignment3/vendor/laravel/framework/src/Illuminate/View/Compilers/BladeCompiler.php(122): Illuminate\Filesystem\Filesystem->put('/home/ubuntu/wo...', '<?php $__env->s...')
#3 /home/ubuntu/workspace/Assignment3/vendor/laravel/framework/src/Illuminate/View/Engines/CompilerEngine.php(51): Illuminate\View\Compilers\BladeCompiler->compile('/home/ubuntu/wo...')
#4 /home/ubuntu/workspace/Assignment3/vendor/laravel/framework/src/Illuminate/View/View.php(137): Illuminate\View\Engines\CompilerEngine->get('/home/ubuntu/wo...', Array)
#5 /home/ubuntu/workspace/Assignment3/vendor/laravel/framework/src/Illuminate/View/View.php(120): Illuminate\View\View->getContents()
#6 /home/ubuntu/workspace/Assignment3/vendor/laravel/framework/src/Illuminate/View/View.php(85): Illuminate\View\View->renderContents()
#7 /home/ubuntu/workspace/Assignment3/vendor/laravel/framework/src/Illuminate/Http/Response.php(38): Illuminate\View\View->render()
#8 /home/ubuntu/workspace/Assignment3/vendor/symfony/http-foundation/Response.php(206): Illuminate\Http\Response->setContent(Object(Illuminate\View\View))
#9 /home/ubuntu/workspace/Assignment3/vendor/laravel/framework/src/Illuminate/Routing/Router.php(615): Symfony\Component\HttpFoundation\Response->__construct(Object(Illuminate\View\View))
#10 /home/ubuntu/workspace/Assignment3/vendor/laravel/framework/src/Illuminate/Routing/Router.php(572): Illuminate\Routing\Router->prepareResponse(Object(Illuminate\Http\Request), Object(Illuminate\View\View))
#11 /home/ubuntu/workspace/Assignment3/vendor/laravel/framework/src/Illuminate/Routing/Pipeline.php(30): Illuminate\Routing\Router->Illuminate\Routing\{closure}(Object(Illuminate\Http\Request))
#12 /home/ubuntu/workspace/Assignment3/app/Http/Middleware/RedirectIfAuthenticated.php(24): Illuminate\Routing\Pipeline->Illuminate\Routing\{closure}(Object(Illuminate\Http\Request))
#13 /home/ubuntu/workspace/Assignment3/vendor/laravel/framework/src/Illuminate/Pipeline/Pipeline.php(148): App\Http\Middleware\RedirectIfAuthenticated->handle(Object(Illuminate\Http\Request), Object(Closure))
#14 /home/ubuntu/workspace/Assignment3/vendor/laravel/framework/src/Illuminate/Routing/Pipeline.php(53): Illuminate\Pipeline\Pipeline->Illuminate\Pipeline\{closure}(Object(Illuminate\Http\Request))
#15 /home/ubuntu/workspace/Assignment3/vendor/laravel/framework/src/Illuminate/Routing/Middleware/SubstituteBindings.php(41): Illuminate\Routing\Pipeline->Illuminate\Routing\{closure}(Object(Illuminate\Http\Request))
#16 /home/ubuntu/workspace/Assignment3/vendor/laravel/framework/src/Illuminate/Pipeline/Pipeline.php(148): Illuminate\Routing\Middleware\SubstituteBindings->handle(Object(Illuminate\Http\Request), Object(Closure))
#17 /home/ubuntu/workspace/Assignment3/vendor/laravel/framework/src/Illuminate/Routing/Pipeline.php(53): Illuminate\Pipeline\Pipeline->Illuminate\Pipeline\{closure}(Object(Illuminate\Http\Request))
#18 /home/ubuntu/workspace/Assignment3/vendor/laravel/framework/src/Illuminate/Foundation/Http/Middleware/VerifyCsrfToken.php(65): Illuminate\Routing\Pipeline->Illuminate\Routing\{closure}(Object(Illuminate\Http\Request))
#19 /home/ubuntu/workspace/Assignment3/vendor/laravel/framework/src/Illuminate/Pipeline/Pipeline.php(148): Illuminate\Foundation\Http\Middleware\VerifyCsrfToken->handle(Object(Illuminate\Http\Request), Object(Closure))
#20 /home/ubuntu/workspace/Assignment3/vendor/laravel/framework/src/Illuminate/Routing/Pipeline.php(53): Illuminate\Pipeline\Pipeline->Illuminate\Pipeline\{closure}(Object(Illuminate\Http\Request))
#21 /home/ubuntu/workspace/Assignment3/vendor/laravel/framework/src/Illuminate/View/Middleware/ShareErrorsFromSession.php(49): Illuminate\Routing\Pipeline->Illuminate\Routing\{closure}(Object(Illuminate\Http\Request))
#22 /home/ubuntu/workspace/Assignment3/vendor/laravel/framework/src/Illuminate/Pipeline/Pipeline.php(148): Illuminate\View\Middleware\ShareErrorsFromSession->handle(Object(Illuminate\Http\Request), Object(Closure))
#23 /home/ubuntu/workspace/Assignment3/vendor/laravel/framework/src/Illuminate/Routing/Pipeline.php(53): Illuminate\Pipeline\Pipeline->Illuminate\Pipeline\{closure}(Object(Illuminate\Http\Request))
#24 /home/ubuntu/workspace/Assignment3/vendor/laravel/framework/src/Illuminate/Session/Middleware/StartSession.php(64): Illuminate\Routing\Pipeline->Illuminate\Routing\{closure}(Object(Illuminate\Http\Request))
#25 /home/ubuntu/workspace/Assignment3/vendor/laravel/framework/src/Illuminate/Pipeline/Pipeline.php(148): Illuminate\Session\Middleware\StartSession->handle(Object(Illuminate\Http\Request), Object(Closure))
#26 /home/ubuntu/workspace/Assignment3/vendor/laravel/framework/src/Illuminate/Routing/Pipeline.php(53): Illuminate\Pipeline\Pipeline->Illuminate\Pipeline\{closure}(Object(Illuminate\Http\Request))
#27 /home/ubuntu/workspace/Assignment3/vendor/laravel/framework/src/Illuminate/Cookie/Middleware/AddQueuedCookiesToResponse.php(37): Illuminate\Routing\Pipeline->Illuminate\Routing\{closure}(Object(Illuminate\Http\Request))
#28 /home/ubuntu/workspace/Assignment3/vendor/laravel/framework/src/Illuminate/Pipeline/Pipeline.php(148): Illuminate\Cookie\Middleware\AddQueuedCookiesToResponse->handle(Object(Illuminate\Http\Request), Object(Closure))
#29 /home/ubuntu/workspace/Assignment3/vendor/laravel/framework/src/Illuminate/Routing/Pipeline.php(53): Illuminate\Pipeline\Pipeline->Illuminate\Pipeline\{closure}(Object(Illuminate\Http\Request))
#30 /home/ubuntu/workspace/Assignment3/vendor/laravel/framework/src/Illuminate/Cookie/Middleware/EncryptCookies.php(59): Illuminate\Routing\Pipeline->Illuminate\Routing\{closure}(Object(Illuminate\Http\Request))
#31 /home/ubuntu/workspace/Assignment3/vendor/laravel/framework/src/Illuminate/Pipeline/Pipeline.php(148): Illuminate\Cookie\Middleware\EncryptCookies->handle(Object(Illuminate\Http\Request), Object(Closure))
#32 /home/ubuntu/workspace/Assignment3/vendor/laravel/framework/src/Illuminate/Routing/Pipeline.php(53): Illuminate\Pipeline\Pipeline->Illuminate\Pipeline\{closure}(Object(Illuminate\Http\Request))
#33 /home/ubuntu/workspace/Assignment3/vendor/laravel/framework/src/Illuminate/Pipeline/Pipeline.php(102): Illuminate\Routing\Pipeline->Illuminate\Routing\{closure}(Object(Illuminate\Http\Request))
#34 /home/ubuntu/workspace/Assignment3/vendor/laravel/framework/src/Illuminate/Routing/Router.php(574): Illuminate\Pipeline\Pipeline->then(Object(Closure))
#35 /home/ubuntu/workspace/Assignment3/vendor/laravel/framework/src/Illuminate/Routing/Router.php(533): Illuminate\Routing\Router->runRouteWithinStack(Object(Illuminate\Routing\Route), Object(Illuminate\Http\Request))
#36 /home/ubuntu/workspace/Assignment3/vendor/laravel/framework/src/Illuminate/Routing/Router.php(511): Illuminate\Routing\Router->dispatchToRoute(Object(Illuminate\Http\Request))
#37 /home/ubuntu/workspace/Assignment3/vendor/laravel/framework/src/Illuminate/Foundation/Http/Kernel.php(176): Illuminate\Routing\Router->dispatch(Object(Illuminate\Http\Request))
#38 /home/ubuntu/workspace/Assignment3/vendor/laravel/framework/src/Illuminate/Routing/Pipeline.php(30): Illuminate\Foundation\Http\Kernel->Illuminate\Foundation\Http\{closure}(Object(Illuminate\Http\Request))
#39 /home/ubuntu/workspace/Assignment3/vendor/laravel/framework/src/Illuminate/Foundation/Http/Middleware/TransformsRequest.php(30): Illuminate\Routing\Pipeline->Illuminate\Routing\{closure}(Object(Illuminate\Http\Request))
#40 /home/ubuntu/workspace/Assignment3/vendor/laravel/framework/src/Illuminate/Pipeline/Pipeline.php(148): Illuminate\Foundation\Http\Middleware\TransformsRequest->handle(Object(Illuminate\Http\Request), Object(Closure))
#41 /home/ubuntu/workspace/Assignment3/vendor/laravel/framework/src/Illuminate/Routing/Pipeline.php(53): Illuminate\Pipeline\Pipeline->Illuminate\Pipeline\{closure}(Object(Illuminate\Http\Request))
#42 /home/ubuntu/workspace/Assignment3/vendor/laravel/framework/src/Illuminate/Foundation/Http/Middleware/TransformsRequest.php(30): Illuminate\Routing\Pipeline->Illuminate\Routing\{closure}(Object(Illuminate\Http\Request))
#43 /home/ubuntu/workspace/Assignment3/vendor/laravel/framework/src/Illuminate/Pipeline/Pipeline.php(148): Illuminate\Foundation\Http\Middleware\TransformsRequest->handle(Object(Illuminate\Http\Request), Object(Closure))
#44 /home/ubuntu/workspace/Assignment3/vendor/laravel/framework/src/Illuminate/Routing/Pipeline.php(53): Illuminate\Pipeline\Pipeline->Illuminate\Pipeline\{closure}(Object(Illuminate\Http\Request))
#45 /home/ubuntu/workspace/Assignment3/vendor/laravel/framework/src/Illuminate/Foundation/Http/Middleware/ValidatePostSize.php(27): Illuminate\Routing\Pipeline->Illuminate\Routing\{closure}(Object(Illuminate\Http\Request))
#46 /home/ubuntu/workspace/Assignment3/vendor/laravel/framework/src/Illuminate/Pipeline/Pipeline.php(148): Illuminate\Foundation\Http\Middleware\ValidatePostSize->handle(Object(Illuminate\Http\Request), Object(Closure))
#47 /home/ubuntu/workspace/Assignment3/vendor/laravel/framework/src/Illuminate/Routing/Pipeline.php(53): Illuminate\Pipeline\Pipeline->Illuminate\Pipeline\{closure}(Object(Illuminate\Http\Request))
#48 /home/ubuntu/workspace/Assignment3/vendor/laravel/framework/src/Illuminate/Foundation/Http/Middleware/CheckForMaintenanceMode.php(46): Illuminate\Routing\Pipeline->Illuminate\Routing\{closure}(Object(Illuminate\Http\Request))
#49 /home/ubuntu/workspace/Assignment3/vendor/laravel/framework/src/Illuminate/Pipeline/Pipeline.php(148): Illuminate\Foundation\Http\Middleware\CheckForMaintenanceMode->handle(Object(Illuminate\Http\Request), Object(Closure))
#50 /home/ubuntu/workspace/Assignment3/vendor/laravel/framework/src/Illuminate/Routing/Pipeline.php(53): Illuminate\Pipeline\Pipeline->Illuminate\Pipeline\{closure}(Object(Illuminate\Http\Request))
#51 /home/ubuntu/workspace/Assignment3/vendor/laravel/framework/src/Illuminate/Pipeline/Pipeline.php(102): Illuminate\Routing\Pipeline->Illuminate\Routing\{closure}(Object(Illuminate\Http\Request))
#52 /home/ubuntu/workspace/Assignment3/vendor/laravel/framework/src/Illuminate/Foundation/Http/Kernel.php(151): Illuminate\Pipeline\Pipeline->then(Object(Closure))
#53 /home/ubuntu/workspace/Assignment3/vendor/laravel/framework/src/Illuminate/Foundation/Http/Kernel.php(116): Illuminate\Foundation\Http\Kernel->sendRequestThroughRouter(Object(Illuminate\Http\Request))
#54 /home/ubuntu/workspace/Assignment3/public/index.php(53): Illuminate\Foundation\Http\Kernel->handle(Object(Illuminate\Http\Request))
#55 /home/ubuntu/workspace/Assignment3/server.php(21): require_once('/home/ubuntu/wo...')
#56 {main}  
[2018-09-30 07:19:59] local.ERROR: ErrorException: file_put_contents(/home/ubuntu/workspace/Assignment3/storage/framework/sessions/WerR7yHG0g2yY42PmcRpQKcKCGqeFp0Yf7bXxCgL): failed to open stream: No such file or directory in /home/ubuntu/workspace/Assignment3/vendor/laravel/framework/src/Illuminate/Filesystem/Filesystem.php:122
Stack trace:
#0 [internal function]: Illuminate\Foundation\Bootstrap\HandleExceptions->handleError(2, 'file_put_conten...', '/home/ubuntu/wo...', 122, Array)
#1 /home/ubuntu/workspace/Assignment3/vendor/laravel/framework/src/Illuminate/Filesystem/Filesystem.php(122): file_put_contents('/home/ubuntu/wo...', 'a:3:{s:6:"_toke...', 2)
#2 /home/ubuntu/workspace/Assignment3/vendor/laravel/framework/src/Illuminate/Session/FileSessionHandler.php(83): Illuminate\Filesystem\Filesystem->put('/home/ubuntu/wo...', 'a:3:{s:6:"_toke...', true)
#3 /home/ubuntu/workspace/Assignment3/vendor/laravel/framework/src/Illuminate/Session/Store.php(128): Illuminate\Session\FileSessionHandler->write('WerR7yHG0g2yY42...', 'a:3:{s:6:"_toke...')
#4 /home/ubuntu/workspace/Assignment3/vendor/laravel/framework/src/Illuminate/Session/Middleware/StartSession.php(88): Illuminate\Session\Store->save()
#5 /home/ubuntu/workspace/Assignment3/vendor/laravel/framework/src/Illuminate/Foundation/Http/Kernel.php(218): Illuminate\Session\Middleware\StartSession->terminate(Object(Illuminate\Http\Request), Object(Illuminate\Http\Response))
#6 /home/ubuntu/workspace/Assignment3/vendor/laravel/framework/src/Illuminate/Foundation/Http/Kernel.php(189): Illuminate\Foundation\Http\Kernel->terminateMiddleware(Object(Illuminate\Http\Request), Object(Illuminate\Http\Response))
#7 /home/ubuntu/workspace/Assignment3/public/index.php(58): Illuminate\Foundation\Http\Kernel->terminate(Object(Illuminate\Http\Request), Object(Illuminate\Http\Response))
#8 /home/ubuntu/workspace/Assignment3/server.php(21): require_once('/home/ubuntu/wo...')
#9 {main}  
